[2025-10-31 13:11:22] local.ERROR: SQLSTATE[01000]: Warning: 1265 Data truncated for column 'status' at row 1 (Connection: mysql, SQL: update `users` set `status` = Hoạt động, `users`.`updated_at` = 2025-10-31 13:11:21 where `user_id` = 8) {"exception":"[object] (Illuminate\\Database\\QueryException(code: 01000): SQLSTATE[01000]: Warning: 1265 Data truncated for column 'status' at row 1 (Connection: mysql, SQL: update `users` set `status` = Hoạt động, `users`.`updated_at` = 2025-10-31 13:11:21 where `user_id` = 8) at D:\\QuangHuy2897\\CHUYÊN_ ĐỀ_WEB\\ChuyenDeWeb2_3\\backend\\vendor\\laravel\\framework\\src\\Illuminate\\Database\\Connection.php:824)
[stacktrace]
#0 D:\\QuangHuy2897\\CHUYÊN_ ĐỀ_WEB\\ChuyenDeWeb2_3\\backend\\vendor\\laravel\\framework\\src\\Illuminate\\Database\\Connection.php(778): Illuminate\\Database\\Connection->runQueryCallback('update `users` ...', Array, Object(Closure))
#1 D:\\QuangHuy2897\\CHUYÊN_ ĐỀ_WEB\\ChuyenDeWeb2_3\\backend\\vendor\\laravel\\framework\\src\\Illuminate\\Database\\Connection.php(583): Illuminate\\Database\\Connection->run('update `users` ...', Array, Object(Closure))
#2 D:\\QuangHuy2897\\CHUYÊN_ ĐỀ_WEB\\ChuyenDeWeb2_3\\backend\\vendor\\laravel\\framework\\src\\Illuminate\\Database\\Connection.php(535): Illuminate\\Database\\Connection->affectingStatement('update `users` ...', Array)
#3 D:\\QuangHuy2897\\CHUYÊN_ ĐỀ_WEB\\ChuyenDeWeb2_3\\backend\\vendor\\laravel\\framework\\src\\Illuminate\\Database\\Query\\Builder.php(3917): Illuminate\\Database\\Connection->update('update `users` ...', Array)
#4 D:\\QuangHuy2897\\CHUYÊN_ ĐỀ_WEB\\ChuyenDeWeb2_3\\backend\\vendor\\laravel\\framework\\src\\Illuminate\\Database\\Eloquent\\Builder.php(1266): Illuminate\\Database\\Query\\Builder->update(Object(Illuminate\\Support\\Collection))
#5 D:\\QuangHuy2897\\CHUYÊN_ ĐỀ_WEB\\ChuyenDeWeb2_3\\backend\\vendor\\laravel\\framework\\src\\Illuminate\\Database\\Eloquent\\Model.php(1316): Illuminate\\Database\\Eloquent\\Builder->update(Array)
#6 D:\\QuangHuy2897\\CHUYÊN_ ĐỀ_WEB\\ChuyenDeWeb2_3\\backend\\vendor\\laravel\\framework\\src\\Illuminate\\Database\\Eloquent\\Model.php(1233): Illuminate\\Database\\Eloquent\\Model->performUpdate(Object(Illuminate\\Database\\Eloquent\\Builder))
#7 D:\\QuangHuy2897\\CHUYÊN_ ĐỀ_WEB\\ChuyenDeWeb2_3\\backend\\app\\Http\\Controllers\\AuthController.php(55): Illuminate\\Database\\Eloquent\\Model->save()
#8 D:\\QuangHuy2897\\CHUYÊN_ ĐỀ_WEB\\ChuyenDeWeb2_3\\backend\\vendor\\laravel\\framework\\src\\Illuminate\\Routing\\ControllerDispatcher.php(46): App\\Http\\Controllers\\AuthController->login(Object(Illuminate\\Http\\Request))
#9 D:\\QuangHuy2897\\CHUYÊN_ ĐỀ_WEB\\ChuyenDeWeb2_3\\backend\\vendor\\laravel\\framework\\src\\Illuminate\\Routing\\Route.php(265): Illuminate\\Routing\\ControllerDispatcher->dispatch(Object(Illuminate\\Routing\\Route), Object(App\\Http\\Controllers\\AuthController), 'login')
#10 D:\\QuangHuy2897\\CHUYÊN_ ĐỀ_WEB\\ChuyenDeWeb2_3\\backend\\vendor\\laravel\\framework\\src\\Illuminate\\Routing\\Route.php(211): Illuminate\\Routing\\Route->runController()
#11 D:\\QuangHuy2897\\CHUYÊN_ ĐỀ_WEB\\ChuyenDeWeb2_3\\backend\\vendor\\laravel\\framework\\src\\Illuminate\\Routing\\Router.php(822): Illuminate\\Routing\\Route->run()
#12 D:\\QuangHuy2897\\CHUYÊN_ ĐỀ_WEB\\ChuyenDeWeb2_3\\backend\\vendor\\laravel\\framework\\src\\Illuminate\\Pipeline\\Pipeline.php(180): Illuminate\\Routing\\Router->Illuminate\\Routing\\{closure}(Object(Illuminate\\Http\\Request))
#13 D:\\QuangHuy2897\\CHUYÊN_ ĐỀ_WEB\\ChuyenDeWeb2_3\\backend\\vendor\\laravel\\framework\\src\\Illuminate\\Routing\\Middleware\\SubstituteBindings.php(50): Illuminate\\Pipeline\\Pipeline->Illuminate\\Pipeline\\{closure}(Object(Illuminate\\Http\\Request))
#14 D:\\QuangHuy2897\\CHUYÊN_ ĐỀ_WEB\\ChuyenDeWeb2_3\\backend\\vendor\\laravel\\framework\\src\\Illuminate\\Pipeline\\Pipeline.php(219): Illuminate\\Routing\\Middleware\\SubstituteBindings->handle(Object(Illuminate\\Http\\Request), Object(Closure))
#15 D:\\QuangHuy2897\\CHUYÊN_ ĐỀ_WEB\\ChuyenDeWeb2_3\\backend\\vendor\\laravel\\framework\\src\\Illuminate\\Pipeline\\Pipeline.php(137): Illuminate\\Pipeline\\Pipeline->Illuminate\\Pipeline\\{closure}(Object(Illuminate\\Http\\Request))
#16 D:\\QuangHuy2897\\CHUYÊN_ ĐỀ_WEB\\ChuyenDeWeb2_3\\backend\\vendor\\laravel\\framework\\src\\Illuminate\\Routing\\Router.php(821): Illuminate\\Pipeline\\Pipeline->then(Object(Closure))
#17 D:\\QuangHuy2897\\CHUYÊN_ ĐỀ_WEB\\ChuyenDeWeb2_3\\backend\\vendor\\laravel\\framework\\src\\Illuminate\\Routing\\Router.php(800): Illuminate\\Routing\\Router->runRouteWithinStack(Object(Illuminate\\Routing\\Route), Object(Illuminate\\Http\\Request))
#18 D:\\QuangHuy2897\\CHUYÊN_ ĐỀ_WEB\\ChuyenDeWeb2_3\\backend\\vendor\\laravel\\framework\\src\\Illuminate\\Routing\\Router.php(764): Illuminate\\Routing\\Router->runRoute(Object(Illuminate\\Http\\Request), Object(Illuminate\\Routing\\Route))
#19 D:\\QuangHuy2897\\CHUYÊN_ ĐỀ_WEB\\ChuyenDeWeb2_3\\backend\\vendor\\laravel\\framework\\src\\Illuminate\\Routing\\Router.php(753): Illuminate\\Routing\\Router->dispatchToRoute(Object(Illuminate\\Http\\Request))
#20 D:\\QuangHuy2897\\CHUYÊN_ ĐỀ_WEB\\ChuyenDeWeb2_3\\backend\\vendor\\laravel\\framework\\src\\Illuminate\\Foundation\\Http\\Kernel.php(200): Illuminate\\Routing\\Router->dispatch(Object(Illuminate\\Http\\Request))
#21 D:\\QuangHuy2897\\CHUYÊN_ ĐỀ_WEB\\ChuyenDeWeb2_3\\backend\\vendor\\laravel\\framework\\src\\Illuminate\\Pipeline\\Pipeline.php(180): Illuminate\\Foundation\\Http\\Kernel->Illuminate\\Foundation\\Http\\{closure}(Object(Illuminate\\Http\\Request))
#22 D:\\QuangHuy2897\\CHUYÊN_ ĐỀ_WEB\\ChuyenDeWeb2_3\\backend\\vendor\\laravel\\framework\\src\\Illuminate\\Foundation\\Http\\Middleware\\TransformsRequest.php(21): Illuminate\\Pipeline\\Pipeline->Illuminate\\Pipeline\\{closure}(Object(Illuminate\\Http\\Request))
#23 D:\\QuangHuy2897\\CHUYÊN_ ĐỀ_WEB\\ChuyenDeWeb2_3\\backend\\vendor\\laravel\\framework\\src\\Illuminate\\Foundation\\Http\\Middleware\\ConvertEmptyStringsToNull.php(31): Illuminate\\Foundation\\Http\\Middleware\\TransformsRequest->handle(Object(Illuminate\\Http\\Request), Object(Closure))
#24 D:\\QuangHuy2897\\CHUYÊN_ ĐỀ_WEB\\ChuyenDeWeb2_3\\backend\\vendor\\laravel\\framework\\src\\Illuminate\\Pipeline\\Pipeline.php(219): Illuminate\\Foundation\\Http\\Middleware\\ConvertEmptyStringsToNull->handle(Object(Illuminate\\Http\\Request), Object(Closure))
#25 D:\\QuangHuy2897\\CHUYÊN_ ĐỀ_WEB\\ChuyenDeWeb2_3\\backend\\vendor\\laravel\\framework\\src\\Illuminate\\Foundation\\Http\\Middleware\\TransformsRequest.php(21): Illuminate\\Pipeline\\Pipeline->Illuminate\\Pipeline\\{closure}(Object(Illuminate\\Http\\Request))
#26 D:\\QuangHuy2897\\CHUYÊN_ ĐỀ_WEB\\ChuyenDeWeb2_3\\backend\\vendor\\laravel\\framework\\src\\Illuminate\\Foundation\\Http\\Middleware\\TrimStrings.php(51): Illuminate\\Foundation\\Http\\Middleware\\TransformsRequest->handle(Object(Illuminate\\Http\\Request), Object(Closure))
#27 D:\\QuangHuy2897\\CHUYÊN_ ĐỀ_WEB\\ChuyenDeWeb2_3\\backend\\vendor\\laravel\\framework\\src\\Illuminate\\Pipeline\\Pipeline.php(219): Illuminate\\Foundation\\Http\\Middleware\\TrimStrings->handle(Object(Illuminate\\Http\\Request), Object(Closure))
#28 D:\\QuangHuy2897\\CHUYÊN_ ĐỀ_WEB\\ChuyenDeWeb2_3\\backend\\vendor\\laravel\\framework\\src\\Illuminate\\Http\\Middleware\\ValidatePostSize.php(27): Illuminate\\Pipeline\\Pipeline->Illuminate\\Pipeline\\{closure}(Object(Illuminate\\Http\\Request))
#29 D:\\QuangHuy2897\\CHUYÊN_ ĐỀ_WEB\\ChuyenDeWeb2_3\\backend\\vendor\\laravel\\framework\\src\\Illuminate\\Pipeline\\Pipeline.php(219): Illuminate\\Http\\Middleware\\ValidatePostSize->handle(Object(Illuminate\\Http\\Request), Object(Closure))
#30 D:\\QuangHuy2897\\CHUYÊN_ ĐỀ_WEB\\ChuyenDeWeb2_3\\backend\\vendor\\laravel\\framework\\src\\Illuminate\\Foundation\\Http\\Middleware\\PreventRequestsDuringMaintenance.php(109): Illuminate\\Pipeline\\Pipeline->Illuminate\\Pipeline\\{closure}(Object(Illuminate\\Http\\Request))
#31 D:\\QuangHuy2897\\CHUYÊN_ ĐỀ_WEB\\ChuyenDeWeb2_3\\backend\\vendor\\laravel\\framework\\src\\Illuminate\\Pipeline\\Pipeline.php(219): Illuminate\\Foundation\\Http\\Middleware\\PreventRequestsDuringMaintenance->handle(Object(Illuminate\\Http\\Request), Object(Closure))
#32 D:\\QuangHuy2897\\CHUYÊN_ ĐỀ_WEB\\ChuyenDeWeb2_3\\backend\\vendor\\laravel\\framework\\src\\Illuminate\\Http\\Middleware\\HandleCors.php(61): Illuminate\\Pipeline\\Pipeline->Illuminate\\Pipeline\\{closure}(Object(Illuminate\\Http\\Request))
#33 D:\\QuangHuy2897\\CHUYÊN_ ĐỀ_WEB\\ChuyenDeWeb2_3\\backend\\vendor\\laravel\\framework\\src\\Illuminate\\Pipeline\\Pipeline.php(219): Illuminate\\Http\\Middleware\\HandleCors->handle(Object(Illuminate\\Http\\Request), Object(Closure))
#34 D:\\QuangHuy2897\\CHUYÊN_ ĐỀ_WEB\\ChuyenDeWeb2_3\\backend\\vendor\\laravel\\framework\\src\\Illuminate\\Http\\Middleware\\TrustProxies.php(58): Illuminate\\Pipeline\\Pipeline->Illuminate\\Pipeline\\{closure}(Object(Illuminate\\Http\\Request))
#35 D:\\QuangHuy2897\\CHUYÊN_ ĐỀ_WEB\\ChuyenDeWeb2_3\\backend\\vendor\\laravel\\framework\\src\\Illuminate\\Pipeline\\Pipeline.php(219): Illuminate\\Http\\Middleware\\TrustProxies->handle(Object(Illuminate\\Http\\Request), Object(Closure))
#36 D:\\QuangHuy2897\\CHUYÊN_ ĐỀ_WEB\\ChuyenDeWeb2_3\\backend\\vendor\\laravel\\framework\\src\\Illuminate\\Foundation\\Http\\Middleware\\InvokeDeferredCallbacks.php(22): Illuminate\\Pipeline\\Pipeline->Illuminate\\Pipeline\\{closure}(Object(Illuminate\\Http\\Request))
#37 D:\\QuangHuy2897\\CHUYÊN_ ĐỀ_WEB\\ChuyenDeWeb2_3\\backend\\vendor\\laravel\\framework\\src\\Illuminate\\Pipeline\\Pipeline.php(219): Illuminate\\Foundation\\Http\\Middleware\\InvokeDeferredCallbacks->handle(Object(Illuminate\\Http\\Request), Object(Closure))
#38 D:\\QuangHuy2897\\CHUYÊN_ ĐỀ_WEB\\ChuyenDeWeb2_3\\backend\\vendor\\laravel\\framework\\src\\Illuminate\\Http\\Middleware\\ValidatePathEncoding.php(26): Illuminate\\Pipeline\\Pipeline->Illuminate\\Pipeline\\{closure}(Object(Illuminate\\Http\\Request))
#39 D:\\QuangHuy2897\\CHUYÊN_ ĐỀ_WEB\\ChuyenDeWeb2_3\\backend\\vendor\\laravel\\framework\\src\\Illuminate\\Pipeline\\Pipeline.php(219): Illuminate\\Http\\Middleware\\ValidatePathEncoding->handle(Object(Illuminate\\Http\\Request), Object(Closure))
#40 D:\\QuangHuy2897\\CHUYÊN_ ĐỀ_WEB\\ChuyenDeWeb2_3\\backend\\vendor\\laravel\\framework\\src\\Illuminate\\Pipeline\\Pipeline.php(137): Illuminate\\Pipeline\\Pipeline->Illuminate\\Pipeline\\{closure}(Object(Illuminate\\Http\\Request))
#41 D:\\QuangHuy2897\\CHUYÊN_ ĐỀ_WEB\\ChuyenDeWeb2_3\\backend\\vendor\\laravel\\framework\\src\\Illuminate\\Foundation\\Http\\Kernel.php(175): Illuminate\\Pipeline\\Pipeline->then(Object(Closure))
#42 D:\\QuangHuy2897\\CHUYÊN_ ĐỀ_WEB\\ChuyenDeWeb2_3\\backend\\vendor\\laravel\\framework\\src\\Illuminate\\Foundation\\Http\\Kernel.php(144): Illuminate\\Foundation\\Http\\Kernel->sendRequestThroughRouter(Object(Illuminate\\Http\\Request))
#43 D:\\QuangHuy2897\\CHUYÊN_ ĐỀ_WEB\\ChuyenDeWeb2_3\\backend\\vendor\\laravel\\framework\\src\\Illuminate\\Foundation\\Application.php(1220): Illuminate\\Foundation\\Http\\Kernel->handle(Object(Illuminate\\Http\\Request))
#44 D:\\QuangHuy2897\\CHUYÊN_ ĐỀ_WEB\\ChuyenDeWeb2_3\\backend\\public\\index.php(20): Illuminate\\Foundation\\Application->handleRequest(Object(Illuminate\\Http\\Request))
#45 D:\\QuangHuy2897\\CHUYÊN_ ĐỀ_WEB\\ChuyenDeWeb2_3\\backend\\vendor\\laravel\\framework\\src\\Illuminate\\Foundation\\resources\\server.php(23): require_once('D:\\\\QuangHuy2897...')
#46 {main}

[previous exception] [object] (PDOException(code: 01000): SQLSTATE[01000]: Warning: 1265 Data truncated for column 'status' at row 1 at D:\\QuangHuy2897\\CHUYÊN_ ĐỀ_WEB\\ChuyenDeWeb2_3\\backend\\vendor\\laravel\\framework\\src\\Illuminate\\Database\\Connection.php:595)
[stacktrace]
#0 D:\\QuangHuy2897\\CHUYÊN_ ĐỀ_WEB\\ChuyenDeWeb2_3\\backend\\vendor\\laravel\\framework\\src\\Illuminate\\Database\\Connection.php(595): PDOStatement->execute()
#1 D:\\QuangHuy2897\\CHUYÊN_ ĐỀ_WEB\\ChuyenDeWeb2_3\\backend\\vendor\\laravel\\framework\\src\\Illuminate\\Database\\Connection.php(811): Illuminate\\Database\\Connection->Illuminate\\Database\\{closure}('update `users` ...', Array)
#2 D:\\QuangHuy2897\\CHUYÊN_ ĐỀ_WEB\\ChuyenDeWeb2_3\\backend\\vendor\\laravel\\framework\\src\\Illuminate\\Database\\Connection.php(778): Illuminate\\Database\\Connection->runQueryCallback('update `users` ...', Array, Object(Closure))
#3 D:\\QuangHuy2897\\CHUYÊN_ ĐỀ_WEB\\ChuyenDeWeb2_3\\backend\\vendor\\laravel\\framework\\src\\Illuminate\\Database\\Connection.php(583): Illuminate\\Database\\Connection->run('update `users` ...', Array, Object(Closure))
#4 D:\\QuangHuy2897\\CHUYÊN_ ĐỀ_WEB\\ChuyenDeWeb2_3\\backend\\vendor\\laravel\\framework\\src\\Illuminate\\Database\\Connection.php(535): Illuminate\\Database\\Connection->affectingStatement('update `users` ...', Array)
#5 D:\\QuangHuy2897\\CHUYÊN_ ĐỀ_WEB\\ChuyenDeWeb2_3\\backend\\vendor\\laravel\\framework\\src\\Illuminate\\Database\\Query\\Builder.php(3917): Illuminate\\Database\\Connection->update('update `users` ...', Array)
#6 D:\\QuangHuy2897\\CHUYÊN_ ĐỀ_WEB\\ChuyenDeWeb2_3\\backend\\vendor\\laravel\\framework\\src\\Illuminate\\Database\\Eloquent\\Builder.php(1266): Illuminate\\Database\\Query\\Builder->update(Object(Illuminate\\Support\\Collection))
#7 D:\\QuangHuy2897\\CHUYÊN_ ĐỀ_WEB\\ChuyenDeWeb2_3\\backend\\vendor\\laravel\\framework\\src\\Illuminate\\Database\\Eloquent\\Model.php(1316): Illuminate\\Database\\Eloquent\\Builder->update(Array)
#8 D:\\QuangHuy2897\\CHUYÊN_ ĐỀ_WEB\\ChuyenDeWeb2_3\\backend\\vendor\\laravel\\framework\\src\\Illuminate\\Database\\Eloquent\\Model.php(1233): Illuminate\\Database\\Eloquent\\Model->performUpdate(Object(Illuminate\\Database\\Eloquent\\Builder))
#9 D:\\QuangHuy2897\\CHUYÊN_ ĐỀ_WEB\\ChuyenDeWeb2_3\\backend\\app\\Http\\Controllers\\AuthController.php(55): Illuminate\\Database\\Eloquent\\Model->save()
#10 D:\\QuangHuy2897\\CHUYÊN_ ĐỀ_WEB\\ChuyenDeWeb2_3\\backend\\vendor\\laravel\\framework\\src\\Illuminate\\Routing\\ControllerDispatcher.php(46): App\\Http\\Controllers\\AuthController->login(Object(Illuminate\\Http\\Request))
#11 D:\\QuangHuy2897\\CHUYÊN_ ĐỀ_WEB\\ChuyenDeWeb2_3\\backend\\vendor\\laravel\\framework\\src\\Illuminate\\Routing\\Route.php(265): Illuminate\\Routing\\ControllerDispatcher->dispatch(Object(Illuminate\\Routing\\Route), Object(App\\Http\\Controllers\\AuthController), 'login')
#12 D:\\QuangHuy2897\\CHUYÊN_ ĐỀ_WEB\\ChuyenDeWeb2_3\\backend\\vendor\\laravel\\framework\\src\\Illuminate\\Routing\\Route.php(211): Illuminate\\Routing\\Route->runController()
#13 D:\\QuangHuy2897\\CHUYÊN_ ĐỀ_WEB\\ChuyenDeWeb2_3\\backend\\vendor\\laravel\\framework\\src\\Illuminate\\Routing\\Router.php(822): Illuminate\\Routing\\Route->run()
#14 D:\\QuangHuy2897\\CHUYÊN_ ĐỀ_WEB\\ChuyenDeWeb2_3\\backend\\vendor\\laravel\\framework\\src\\Illuminate\\Pipeline\\Pipeline.php(180): Illuminate\\Routing\\Router->Illuminate\\Routing\\{closure}(Object(Illuminate\\Http\\Request))
#15 D:\\QuangHuy2897\\CHUYÊN_ ĐỀ_WEB\\ChuyenDeWeb2_3\\backend\\vendor\\laravel\\framework\\src\\Illuminate\\Routing\\Middleware\\SubstituteBindings.php(50): Illuminate\\Pipeline\\Pipeline->Illuminate\\Pipeline\\{closure}(Object(Illuminate\\Http\\Request))
#16 D:\\QuangHuy2897\\CHUYÊN_ ĐỀ_WEB\\ChuyenDeWeb2_3\\backend\\vendor\\laravel\\framework\\src\\Illuminate\\Pipeline\\Pipeline.php(219): Illuminate\\Routing\\Middleware\\SubstituteBindings->handle(Object(Illuminate\\Http\\Request), Object(Closure))
#17 D:\\QuangHuy2897\\CHUYÊN_ ĐỀ_WEB\\ChuyenDeWeb2_3\\backend\\vendor\\laravel\\framework\\src\\Illuminate\\Pipeline\\Pipeline.php(137): Illuminate\\Pipeline\\Pipeline->Illuminate\\Pipeline\\{closure}(Object(Illuminate\\Http\\Request))
#18 D:\\QuangHuy2897\\CHUYÊN_ ĐỀ_WEB\\ChuyenDeWeb2_3\\backend\\vendor\\laravel\\framework\\src\\Illuminate\\Routing\\Router.php(821): Illuminate\\Pipeline\\Pipeline->then(Object(Closure))
#19 D:\\QuangHuy2897\\CHUYÊN_ ĐỀ_WEB\\ChuyenDeWeb2_3\\backend\\vendor\\laravel\\framework\\src\\Illuminate\\Routing\\Router.php(800): Illuminate\\Routing\\Router->runRouteWithinStack(Object(Illuminate\\Routing\\Route), Object(Illuminate\\Http\\Request))
#20 D:\\QuangHuy2897\\CHUYÊN_ ĐỀ_WEB\\ChuyenDeWeb2_3\\backend\\vendor\\laravel\\framework\\src\\Illuminate\\Routing\\Router.php(764): Illuminate\\Routing\\Router->runRoute(Object(Illuminate\\Http\\Request), Object(Illuminate\\Routing\\Route))
#21 D:\\QuangHuy2897\\CHUYÊN_ ĐỀ_WEB\\ChuyenDeWeb2_3\\backend\\vendor\\laravel\\framework\\src\\Illuminate\\Routing\\Router.php(753): Illuminate\\Routing\\Router->dispatchToRoute(Object(Illuminate\\Http\\Request))
#22 D:\\QuangHuy2897\\CHUYÊN_ ĐỀ_WEB\\ChuyenDeWeb2_3\\backend\\vendor\\laravel\\framework\\src\\Illuminate\\Foundation\\Http\\Kernel.php(200): Illuminate\\Routing\\Router->dispatch(Object(Illuminate\\Http\\Request))
#23 D:\\QuangHuy2897\\CHUYÊN_ ĐỀ_WEB\\ChuyenDeWeb2_3\\backend\\vendor\\laravel\\framework\\src\\Illuminate\\Pipeline\\Pipeline.php(180): Illuminate\\Foundation\\Http\\Kernel->Illuminate\\Foundation\\Http\\{closure}(Object(Illuminate\\Http\\Request))
#24 D:\\QuangHuy2897\\CHUYÊN_ ĐỀ_WEB\\ChuyenDeWeb2_3\\backend\\vendor\\laravel\\framework\\src\\Illuminate\\Foundation\\Http\\Middleware\\TransformsRequest.php(21): Illuminate\\Pipeline\\Pipeline->Illuminate\\Pipeline\\{closure}(Object(Illuminate\\Http\\Request))
#25 D:\\QuangHuy2897\\CHUYÊN_ ĐỀ_WEB\\ChuyenDeWeb2_3\\backend\\vendor\\laravel\\framework\\src\\Illuminate\\Foundation\\Http\\Middleware\\ConvertEmptyStringsToNull.php(31): Illuminate\\Foundation\\Http\\Middleware\\TransformsRequest->handle(Object(Illuminate\\Http\\Request), Object(Closure))
#26 D:\\QuangHuy2897\\CHUYÊN_ ĐỀ_WEB\\ChuyenDeWeb2_3\\backend\\vendor\\laravel\\framework\\src\\Illuminate\\Pipeline\\Pipeline.php(219): Illuminate\\Foundation\\Http\\Middleware\\ConvertEmptyStringsToNull->handle(Object(Illuminate\\Http\\Request), Object(Closure))
#27 D:\\QuangHuy2897\\CHUYÊN_ ĐỀ_WEB\\ChuyenDeWeb2_3\\backend\\vendor\\laravel\\framework\\src\\Illuminate\\Foundation\\Http\\Middleware\\TransformsRequest.php(21): Illuminate\\Pipeline\\Pipeline->Illuminate\\Pipeline\\{closure}(Object(Illuminate\\Http\\Request))
#28 D:\\QuangHuy2897\\CHUYÊN_ ĐỀ_WEB\\ChuyenDeWeb2_3\\backend\\vendor\\laravel\\framework\\src\\Illuminate\\Foundation\\Http\\Middleware\\TrimStrings.php(51): Illuminate\\Foundation\\Http\\Middleware\\TransformsRequest->handle(Object(Illuminate\\Http\\Request), Object(Closure))
#29 D:\\QuangHuy2897\\CHUYÊN_ ĐỀ_WEB\\ChuyenDeWeb2_3\\backend\\vendor\\laravel\\framework\\src\\Illuminate\\Pipeline\\Pipeline.php(219): Illuminate\\Foundation\\Http\\Middleware\\TrimStrings->handle(Object(Illuminate\\Http\\Request), Object(Closure))
#30 D:\\QuangHuy2897\\CHUYÊN_ ĐỀ_WEB\\ChuyenDeWeb2_3\\backend\\vendor\\laravel\\framework\\src\\Illuminate\\Http\\Middleware\\ValidatePostSize.php(27): Illuminate\\Pipeline\\Pipeline->Illuminate\\Pipeline\\{closure}(Object(Illuminate\\Http\\Request))
#31 D:\\QuangHuy2897\\CHUYÊN_ ĐỀ_WEB\\ChuyenDeWeb2_3\\backend\\vendor\\laravel\\framework\\src\\Illuminate\\Pipeline\\Pipeline.php(219): Illuminate\\Http\\Middleware\\ValidatePostSize->handle(Object(Illuminate\\Http\\Request), Object(Closure))
#32 D:\\QuangHuy2897\\CHUYÊN_ ĐỀ_WEB\\ChuyenDeWeb2_3\\backend\\vendor\\laravel\\framework\\src\\Illuminate\\Foundation\\Http\\Middleware\\PreventRequestsDuringMaintenance.php(109): Illuminate\\Pipeline\\Pipeline->Illuminate\\Pipeline\\{closure}(Object(Illuminate\\Http\\Request))
#33 D:\\QuangHuy2897\\CHUYÊN_ ĐỀ_WEB\\ChuyenDeWeb2_3\\backend\\vendor\\laravel\\framework\\src\\Illuminate\\Pipeline\\Pipeline.php(219): Illuminate\\Foundation\\Http\\Middleware\\PreventRequestsDuringMaintenance->handle(Object(Illuminate\\Http\\Request), Object(Closure))
#34 D:\\QuangHuy2897\\CHUYÊN_ ĐỀ_WEB\\ChuyenDeWeb2_3\\backend\\vendor\\laravel\\framework\\src\\Illuminate\\Http\\Middleware\\HandleCors.php(61): Illuminate\\Pipeline\\Pipeline->Illuminate\\Pipeline\\{closure}(Object(Illuminate\\Http\\Request))
#35 D:\\QuangHuy2897\\CHUYÊN_ ĐỀ_WEB\\ChuyenDeWeb2_3\\backend\\vendor\\laravel\\framework\\src\\Illuminate\\Pipeline\\Pipeline.php(219): Illuminate\\Http\\Middleware\\HandleCors->handle(Object(Illuminate\\Http\\Request), Object(Closure))
#36 D:\\QuangHuy2897\\CHUYÊN_ ĐỀ_WEB\\ChuyenDeWeb2_3\\backend\\vendor\\laravel\\framework\\src\\Illuminate\\Http\\Middleware\\TrustProxies.php(58): Illuminate\\Pipeline\\Pipeline->Illuminate\\Pipeline\\{closure}(Object(Illuminate\\Http\\Request))
#37 D:\\QuangHuy2897\\CHUYÊN_ ĐỀ_WEB\\ChuyenDeWeb2_3\\backend\\vendor\\laravel\\framework\\src\\Illuminate\\Pipeline\\Pipeline.php(219): Illuminate\\Http\\Middleware\\TrustProxies->handle(Object(Illuminate\\Http\\Request), Object(Closure))
#38 D:\\QuangHuy2897\\CHUYÊN_ ĐỀ_WEB\\ChuyenDeWeb2_3\\backend\\vendor\\laravel\\framework\\src\\Illuminate\\Foundation\\Http\\Middleware\\InvokeDeferredCallbacks.php(22): Illuminate\\Pipeline\\Pipeline->Illuminate\\Pipeline\\{closure}(Object(Illuminate\\Http\\Request))
#39 D:\\QuangHuy2897\\CHUYÊN_ ĐỀ_WEB\\ChuyenDeWeb2_3\\backend\\vendor\\laravel\\framework\\src\\Illuminate\\Pipeline\\Pipeline.php(219): Illuminate\\Foundation\\Http\\Middleware\\InvokeDeferredCallbacks->handle(Object(Illuminate\\Http\\Request), Object(Closure))
#40 D:\\QuangHuy2897\\CHUYÊN_ ĐỀ_WEB\\ChuyenDeWeb2_3\\backend\\vendor\\laravel\\framework\\src\\Illuminate\\Http\\Middleware\\ValidatePathEncoding.php(26): Illuminate\\Pipeline\\Pipeline->Illuminate\\Pipeline\\{closure}(Object(Illuminate\\Http\\Request))
#41 D:\\QuangHuy2897\\CHUYÊN_ ĐỀ_WEB\\ChuyenDeWeb2_3\\backend\\vendor\\laravel\\framework\\src\\Illuminate\\Pipeline\\Pipeline.php(219): Illuminate\\Http\\Middleware\\ValidatePathEncoding->handle(Object(Illuminate\\Http\\Request), Object(Closure))
#42 D:\\QuangHuy2897\\CHUYÊN_ ĐỀ_WEB\\ChuyenDeWeb2_3\\backend\\vendor\\laravel\\framework\\src\\Illuminate\\Pipeline\\Pipeline.php(137): Illuminate\\Pipeline\\Pipeline->Illuminate\\Pipeline\\{closure}(Object(Illuminate\\Http\\Request))
#43 D:\\QuangHuy2897\\CHUYÊN_ ĐỀ_WEB\\ChuyenDeWeb2_3\\backend\\vendor\\laravel\\framework\\src\\Illuminate\\Foundation\\Http\\Kernel.php(175): Illuminate\\Pipeline\\Pipeline->then(Object(Closure))
#44 D:\\QuangHuy2897\\CHUYÊN_ ĐỀ_WEB\\ChuyenDeWeb2_3\\backend\\vendor\\laravel\\framework\\src\\Illuminate\\Foundation\\Http\\Kernel.php(144): Illuminate\\Foundation\\Http\\Kernel->sendRequestThroughRouter(Object(Illuminate\\Http\\Request))
#45 D:\\QuangHuy2897\\CHUYÊN_ ĐỀ_WEB\\ChuyenDeWeb2_3\\backend\\vendor\\laravel\\framework\\src\\Illuminate\\Foundation\\Application.php(1220): Illuminate\\Foundation\\Http\\Kernel->handle(Object(Illuminate\\Http\\Request))
#46 D:\\QuangHuy2897\\CHUYÊN_ ĐỀ_WEB\\ChuyenDeWeb2_3\\backend\\public\\index.php(20): Illuminate\\Foundation\\Application->handleRequest(Object(Illuminate\\Http\\Request))
#47 D:\\QuangHuy2897\\CHUYÊN_ ĐỀ_WEB\\ChuyenDeWeb2_3\\backend\\vendor\\laravel\\framework\\src\\Illuminate\\Foundation\\resources\\server.php(23): require_once('D:\\\\QuangHuy2897...')
#48 {main}
"} 
[2025-10-31 13:11:51] local.ERROR: SQLSTATE[01000]: Warning: 1265 Data truncated for column 'status' at row 1 (Connection: mysql, SQL: insert into `users` (`username`, `email`, `password`, `status`, `role`, `updated_at`, `created_at`) values (caa, caa@gmail.com, $2y$12$9/cxCzQKsYoYoHgEvo2HZ.TPolyb.F.uGH9dyLz4L.g9993qi4eju, Hoạt động, customer, 2025-10-31 13:11:50, 2025-10-31 13:11:50)) {"exception":"[object] (Illuminate\\Database\\QueryException(code: 01000): SQLSTATE[01000]: Warning: 1265 Data truncated for column 'status' at row 1 (Connection: mysql, SQL: insert into `users` (`username`, `email`, `password`, `status`, `role`, `updated_at`, `created_at`) values (caa, caa@gmail.com, $2y$12$9/cxCzQKsYoYoHgEvo2HZ.TPolyb.F.uGH9dyLz4L.g9993qi4eju, Hoạt động, customer, 2025-10-31 13:11:50, 2025-10-31 13:11:50)) at D:\\QuangHuy2897\\CHUYÊN_ ĐỀ_WEB\\ChuyenDeWeb2_3\\backend\\vendor\\laravel\\framework\\src\\Illuminate\\Database\\Connection.php:824)
[stacktrace]
#0 D:\\QuangHuy2897\\CHUYÊN_ ĐỀ_WEB\\ChuyenDeWeb2_3\\backend\\vendor\\laravel\\framework\\src\\Illuminate\\Database\\Connection.php(778): Illuminate\\Database\\Connection->runQueryCallback('insert into `us...', Array, Object(Closure))
#1 D:\\QuangHuy2897\\CHUYÊN_ ĐỀ_WEB\\ChuyenDeWeb2_3\\backend\\vendor\\laravel\\framework\\src\\Illuminate\\Database\\MySqlConnection.php(42): Illuminate\\Database\\Connection->run('insert into `us...', Array, Object(Closure))
#2 D:\\QuangHuy2897\\CHUYÊN_ ĐỀ_WEB\\ChuyenDeWeb2_3\\backend\\vendor\\laravel\\framework\\src\\Illuminate\\Database\\Query\\Processors\\MySqlProcessor.php(35): Illuminate\\Database\\MySqlConnection->insert('insert into `us...', Array, 'user_id')
#3 D:\\QuangHuy2897\\CHUYÊN_ ĐỀ_WEB\\ChuyenDeWeb2_3\\backend\\vendor\\laravel\\framework\\src\\Illuminate\\Database\\Query\\Builder.php(3853): Illuminate\\Database\\Query\\Processors\\MySqlProcessor->processInsertGetId(Object(Illuminate\\Database\\Query\\Builder), 'insert into `us...', Array, 'user_id')
#4 D:\\QuangHuy2897\\CHUYÊN_ ĐỀ_WEB\\ChuyenDeWeb2_3\\backend\\vendor\\laravel\\framework\\src\\Illuminate\\Database\\Eloquent\\Builder.php(2235): Illuminate\\Database\\Query\\Builder->insertGetId(Array, 'user_id')
#5 D:\\QuangHuy2897\\CHUYÊN_ ĐỀ_WEB\\ChuyenDeWeb2_3\\backend\\vendor\\laravel\\framework\\src\\Illuminate\\Database\\Eloquent\\Model.php(1436): Illuminate\\Database\\Eloquent\\Builder->__call('insertGetId', Array)
#6 D:\\QuangHuy2897\\CHUYÊN_ ĐỀ_WEB\\ChuyenDeWeb2_3\\backend\\vendor\\laravel\\framework\\src\\Illuminate\\Database\\Eloquent\\Model.php(1401): Illuminate\\Database\\Eloquent\\Model->insertAndSetId(Object(Illuminate\\Database\\Eloquent\\Builder), Array)
#7 D:\\QuangHuy2897\\CHUYÊN_ ĐỀ_WEB\\ChuyenDeWeb2_3\\backend\\vendor\\laravel\\framework\\src\\Illuminate\\Database\\Eloquent\\Model.php(1240): Illuminate\\Database\\Eloquent\\Model->performInsert(Object(Illuminate\\Database\\Eloquent\\Builder))
#8 D:\\QuangHuy2897\\CHUYÊN_ ĐỀ_WEB\\ChuyenDeWeb2_3\\backend\\vendor\\laravel\\framework\\src\\Illuminate\\Database\\Eloquent\\Builder.php(1219): Illuminate\\Database\\Eloquent\\Model->save()
#9 D:\\QuangHuy2897\\CHUYÊN_ ĐỀ_WEB\\ChuyenDeWeb2_3\\backend\\vendor\\laravel\\framework\\src\\Illuminate\\Support\\helpers.php(390): Illuminate\\Database\\Eloquent\\Builder->Illuminate\\Database\\Eloquent\\{closure}(Object(App\\Models\\User))
#10 D:\\QuangHuy2897\\CHUYÊN_ ĐỀ_WEB\\ChuyenDeWeb2_3\\backend\\vendor\\laravel\\framework\\src\\Illuminate\\Database\\Eloquent\\Builder.php(1218): tap(Object(App\\Models\\User), Object(Closure))
#11 D:\\QuangHuy2897\\CHUYÊN_ ĐỀ_WEB\\ChuyenDeWeb2_3\\backend\\vendor\\laravel\\framework\\src\\Illuminate\\Support\\Traits\\ForwardsCalls.php(23): Illuminate\\Database\\Eloquent\\Builder->create(Array)
#12 D:\\QuangHuy2897\\CHUYÊN_ ĐỀ_WEB\\ChuyenDeWeb2_3\\backend\\vendor\\laravel\\framework\\src\\Illuminate\\Database\\Eloquent\\Model.php(2540): Illuminate\\Database\\Eloquent\\Model->forwardCallTo(Object(Illuminate\\Database\\Eloquent\\Builder), 'create', Array)
#13 D:\\QuangHuy2897\\CHUYÊN_ ĐỀ_WEB\\ChuyenDeWeb2_3\\backend\\vendor\\laravel\\framework\\src\\Illuminate\\Database\\Eloquent\\Model.php(2556): Illuminate\\Database\\Eloquent\\Model->__call('create', Array)
#14 D:\\QuangHuy2897\\CHUYÊN_ ĐỀ_WEB\\ChuyenDeWeb2_3\\backend\\app\\Http\\Controllers\\AuthController.php(20): Illuminate\\Database\\Eloquent\\Model::__callStatic('create', Array)
#15 D:\\QuangHuy2897\\CHUYÊN_ ĐỀ_WEB\\ChuyenDeWeb2_3\\backend\\vendor\\laravel\\framework\\src\\Illuminate\\Routing\\ControllerDispatcher.php(46): App\\Http\\Controllers\\AuthController->register(Object(Illuminate\\Http\\Request))
#16 D:\\QuangHuy2897\\CHUYÊN_ ĐỀ_WEB\\ChuyenDeWeb2_3\\backend\\vendor\\laravel\\framework\\src\\Illuminate\\Routing\\Route.php(265): Illuminate\\Routing\\ControllerDispatcher->dispatch(Object(Illuminate\\Routing\\Route), Object(App\\Http\\Controllers\\AuthController), 'register')
#17 D:\\QuangHuy2897\\CHUYÊN_ ĐỀ_WEB\\ChuyenDeWeb2_3\\backend\\vendor\\laravel\\framework\\src\\Illuminate\\Routing\\Route.php(211): Illuminate\\Routing\\Route->runController()
#18 D:\\QuangHuy2897\\CHUYÊN_ ĐỀ_WEB\\ChuyenDeWeb2_3\\backend\\vendor\\laravel\\framework\\src\\Illuminate\\Routing\\Router.php(822): Illuminate\\Routing\\Route->run()
#19 D:\\QuangHuy2897\\CHUYÊN_ ĐỀ_WEB\\ChuyenDeWeb2_3\\backend\\vendor\\laravel\\framework\\src\\Illuminate\\Pipeline\\Pipeline.php(180): Illuminate\\Routing\\Router->Illuminate\\Routing\\{closure}(Object(Illuminate\\Http\\Request))
#20 D:\\QuangHuy2897\\CHUYÊN_ ĐỀ_WEB\\ChuyenDeWeb2_3\\backend\\vendor\\laravel\\framework\\src\\Illuminate\\Routing\\Middleware\\SubstituteBindings.php(50): Illuminate\\Pipeline\\Pipeline->Illuminate\\Pipeline\\{closure}(Object(Illuminate\\Http\\Request))
#21 D:\\QuangHuy2897\\CHUYÊN_ ĐỀ_WEB\\ChuyenDeWeb2_3\\backend\\vendor\\laravel\\framework\\src\\Illuminate\\Pipeline\\Pipeline.php(219): Illuminate\\Routing\\Middleware\\SubstituteBindings->handle(Object(Illuminate\\Http\\Request), Object(Closure))
#22 D:\\QuangHuy2897\\CHUYÊN_ ĐỀ_WEB\\ChuyenDeWeb2_3\\backend\\vendor\\laravel\\framework\\src\\Illuminate\\Pipeline\\Pipeline.php(137): Illuminate\\Pipeline\\Pipeline->Illuminate\\Pipeline\\{closure}(Object(Illuminate\\Http\\Request))
#23 D:\\QuangHuy2897\\CHUYÊN_ ĐỀ_WEB\\ChuyenDeWeb2_3\\backend\\vendor\\laravel\\framework\\src\\Illuminate\\Routing\\Router.php(821): Illuminate\\Pipeline\\Pipeline->then(Object(Closure))
#24 D:\\QuangHuy2897\\CHUYÊN_ ĐỀ_WEB\\ChuyenDeWeb2_3\\backend\\vendor\\laravel\\framework\\src\\Illuminate\\Routing\\Router.php(800): Illuminate\\Routing\\Router->runRouteWithinStack(Object(Illuminate\\Routing\\Route), Object(Illuminate\\Http\\Request))
#25 D:\\QuangHuy2897\\CHUYÊN_ ĐỀ_WEB\\ChuyenDeWeb2_3\\backend\\vendor\\laravel\\framework\\src\\Illuminate\\Routing\\Router.php(764): Illuminate\\Routing\\Router->runRoute(Object(Illuminate\\Http\\Request), Object(Illuminate\\Routing\\Route))
#26 D:\\QuangHuy2897\\CHUYÊN_ ĐỀ_WEB\\ChuyenDeWeb2_3\\backend\\vendor\\laravel\\framework\\src\\Illuminate\\Routing\\Router.php(753): Illuminate\\Routing\\Router->dispatchToRoute(Object(Illuminate\\Http\\Request))
#27 D:\\QuangHuy2897\\CHUYÊN_ ĐỀ_WEB\\ChuyenDeWeb2_3\\backend\\vendor\\laravel\\framework\\src\\Illuminate\\Foundation\\Http\\Kernel.php(200): Illuminate\\Routing\\Router->dispatch(Object(Illuminate\\Http\\Request))
#28 D:\\QuangHuy2897\\CHUYÊN_ ĐỀ_WEB\\ChuyenDeWeb2_3\\backend\\vendor\\laravel\\framework\\src\\Illuminate\\Pipeline\\Pipeline.php(180): Illuminate\\Foundation\\Http\\Kernel->Illuminate\\Foundation\\Http\\{closure}(Object(Illuminate\\Http\\Request))
#29 D:\\QuangHuy2897\\CHUYÊN_ ĐỀ_WEB\\ChuyenDeWeb2_3\\backend\\vendor\\laravel\\framework\\src\\Illuminate\\Foundation\\Http\\Middleware\\TransformsRequest.php(21): Illuminate\\Pipeline\\Pipeline->Illuminate\\Pipeline\\{closure}(Object(Illuminate\\Http\\Request))
#30 D:\\QuangHuy2897\\CHUYÊN_ ĐỀ_WEB\\ChuyenDeWeb2_3\\backend\\vendor\\laravel\\framework\\src\\Illuminate\\Foundation\\Http\\Middleware\\ConvertEmptyStringsToNull.php(31): Illuminate\\Foundation\\Http\\Middleware\\TransformsRequest->handle(Object(Illuminate\\Http\\Request), Object(Closure))
#31 D:\\QuangHuy2897\\CHUYÊN_ ĐỀ_WEB\\ChuyenDeWeb2_3\\backend\\vendor\\laravel\\framework\\src\\Illuminate\\Pipeline\\Pipeline.php(219): Illuminate\\Foundation\\Http\\Middleware\\ConvertEmptyStringsToNull->handle(Object(Illuminate\\Http\\Request), Object(Closure))
#32 D:\\QuangHuy2897\\CHUYÊN_ ĐỀ_WEB\\ChuyenDeWeb2_3\\backend\\vendor\\laravel\\framework\\src\\Illuminate\\Foundation\\Http\\Middleware\\TransformsRequest.php(21): Illuminate\\Pipeline\\Pipeline->Illuminate\\Pipeline\\{closure}(Object(Illuminate\\Http\\Request))
#33 D:\\QuangHuy2897\\CHUYÊN_ ĐỀ_WEB\\ChuyenDeWeb2_3\\backend\\vendor\\laravel\\framework\\src\\Illuminate\\Foundation\\Http\\Middleware\\TrimStrings.php(51): Illuminate\\Foundation\\Http\\Middleware\\TransformsRequest->handle(Object(Illuminate\\Http\\Request), Object(Closure))
#34 D:\\QuangHuy2897\\CHUYÊN_ ĐỀ_WEB\\ChuyenDeWeb2_3\\backend\\vendor\\laravel\\framework\\src\\Illuminate\\Pipeline\\Pipeline.php(219): Illuminate\\Foundation\\Http\\Middleware\\TrimStrings->handle(Object(Illuminate\\Http\\Request), Object(Closure))
#35 D:\\QuangHuy2897\\CHUYÊN_ ĐỀ_WEB\\ChuyenDeWeb2_3\\backend\\vendor\\laravel\\framework\\src\\Illuminate\\Http\\Middleware\\ValidatePostSize.php(27): Illuminate\\Pipeline\\Pipeline->Illuminate\\Pipeline\\{closure}(Object(Illuminate\\Http\\Request))
#36 D:\\QuangHuy2897\\CHUYÊN_ ĐỀ_WEB\\ChuyenDeWeb2_3\\backend\\vendor\\laravel\\framework\\src\\Illuminate\\Pipeline\\Pipeline.php(219): Illuminate\\Http\\Middleware\\ValidatePostSize->handle(Object(Illuminate\\Http\\Request), Object(Closure))
#37 D:\\QuangHuy2897\\CHUYÊN_ ĐỀ_WEB\\ChuyenDeWeb2_3\\backend\\vendor\\laravel\\framework\\src\\Illuminate\\Foundation\\Http\\Middleware\\PreventRequestsDuringMaintenance.php(109): Illuminate\\Pipeline\\Pipeline->Illuminate\\Pipeline\\{closure}(Object(Illuminate\\Http\\Request))
#38 D:\\QuangHuy2897\\CHUYÊN_ ĐỀ_WEB\\ChuyenDeWeb2_3\\backend\\vendor\\laravel\\framework\\src\\Illuminate\\Pipeline\\Pipeline.php(219): Illuminate\\Foundation\\Http\\Middleware\\PreventRequestsDuringMaintenance->handle(Object(Illuminate\\Http\\Request), Object(Closure))
#39 D:\\QuangHuy2897\\CHUYÊN_ ĐỀ_WEB\\ChuyenDeWeb2_3\\backend\\vendor\\laravel\\framework\\src\\Illuminate\\Http\\Middleware\\HandleCors.php(61): Illuminate\\Pipeline\\Pipeline->Illuminate\\Pipeline\\{closure}(Object(Illuminate\\Http\\Request))
#40 D:\\QuangHuy2897\\CHUYÊN_ ĐỀ_WEB\\ChuyenDeWeb2_3\\backend\\vendor\\laravel\\framework\\src\\Illuminate\\Pipeline\\Pipeline.php(219): Illuminate\\Http\\Middleware\\HandleCors->handle(Object(Illuminate\\Http\\Request), Object(Closure))
#41 D:\\QuangHuy2897\\CHUYÊN_ ĐỀ_WEB\\ChuyenDeWeb2_3\\backend\\vendor\\laravel\\framework\\src\\Illuminate\\Http\\Middleware\\TrustProxies.php(58): Illuminate\\Pipeline\\Pipeline->Illuminate\\Pipeline\\{closure}(Object(Illuminate\\Http\\Request))
#42 D:\\QuangHuy2897\\CHUYÊN_ ĐỀ_WEB\\ChuyenDeWeb2_3\\backend\\vendor\\laravel\\framework\\src\\Illuminate\\Pipeline\\Pipeline.php(219): Illuminate\\Http\\Middleware\\TrustProxies->handle(Object(Illuminate\\Http\\Request), Object(Closure))
#43 D:\\QuangHuy2897\\CHUYÊN_ ĐỀ_WEB\\ChuyenDeWeb2_3\\backend\\vendor\\laravel\\framework\\src\\Illuminate\\Foundation\\Http\\Middleware\\InvokeDeferredCallbacks.php(22): Illuminate\\Pipeline\\Pipeline->Illuminate\\Pipeline\\{closure}(Object(Illuminate\\Http\\Request))
#44 D:\\QuangHuy2897\\CHUYÊN_ ĐỀ_WEB\\ChuyenDeWeb2_3\\backend\\vendor\\laravel\\framework\\src\\Illuminate\\Pipeline\\Pipeline.php(219): Illuminate\\Foundation\\Http\\Middleware\\InvokeDeferredCallbacks->handle(Object(Illuminate\\Http\\Request), Object(Closure))
#45 D:\\QuangHuy2897\\CHUYÊN_ ĐỀ_WEB\\ChuyenDeWeb2_3\\backend\\vendor\\laravel\\framework\\src\\Illuminate\\Http\\Middleware\\ValidatePathEncoding.php(26): Illuminate\\Pipeline\\Pipeline->Illuminate\\Pipeline\\{closure}(Object(Illuminate\\Http\\Request))
#46 D:\\QuangHuy2897\\CHUYÊN_ ĐỀ_WEB\\ChuyenDeWeb2_3\\backend\\vendor\\laravel\\framework\\src\\Illuminate\\Pipeline\\Pipeline.php(219): Illuminate\\Http\\Middleware\\ValidatePathEncoding->handle(Object(Illuminate\\Http\\Request), Object(Closure))
#47 D:\\QuangHuy2897\\CHUYÊN_ ĐỀ_WEB\\ChuyenDeWeb2_3\\backend\\vendor\\laravel\\framework\\src\\Illuminate\\Pipeline\\Pipeline.php(137): Illuminate\\Pipeline\\Pipeline->Illuminate\\Pipeline\\{closure}(Object(Illuminate\\Http\\Request))
#48 D:\\QuangHuy2897\\CHUYÊN_ ĐỀ_WEB\\ChuyenDeWeb2_3\\backend\\vendor\\laravel\\framework\\src\\Illuminate\\Foundation\\Http\\Kernel.php(175): Illuminate\\Pipeline\\Pipeline->then(Object(Closure))
#49 D:\\QuangHuy2897\\CHUYÊN_ ĐỀ_WEB\\ChuyenDeWeb2_3\\backend\\vendor\\laravel\\framework\\src\\Illuminate\\Foundation\\Http\\Kernel.php(144): Illuminate\\Foundation\\Http\\Kernel->sendRequestThroughRouter(Object(Illuminate\\Http\\Request))
#50 D:\\QuangHuy2897\\CHUYÊN_ ĐỀ_WEB\\ChuyenDeWeb2_3\\backend\\vendor\\laravel\\framework\\src\\Illuminate\\Foundation\\Application.php(1220): Illuminate\\Foundation\\Http\\Kernel->handle(Object(Illuminate\\Http\\Request))
#51 D:\\QuangHuy2897\\CHUYÊN_ ĐỀ_WEB\\ChuyenDeWeb2_3\\backend\\public\\index.php(20): Illuminate\\Foundation\\Application->handleRequest(Object(Illuminate\\Http\\Request))
#52 D:\\QuangHuy2897\\CHUYÊN_ ĐỀ_WEB\\ChuyenDeWeb2_3\\backend\\vendor\\laravel\\framework\\src\\Illuminate\\Foundation\\resources\\server.php(23): require_once('D:\\\\QuangHuy2897...')
#53 {main}

[previous exception] [object] (PDOException(code: 01000): SQLSTATE[01000]: Warning: 1265 Data truncated for column 'status' at row 1 at D:\\QuangHuy2897\\CHUYÊN_ ĐỀ_WEB\\ChuyenDeWeb2_3\\backend\\vendor\\laravel\\framework\\src\\Illuminate\\Database\\MySqlConnection.php:53)
[stacktrace]
#0 D:\\QuangHuy2897\\CHUYÊN_ ĐỀ_WEB\\ChuyenDeWeb2_3\\backend\\vendor\\laravel\\framework\\src\\Illuminate\\Database\\MySqlConnection.php(53): PDOStatement->execute()
#1 D:\\QuangHuy2897\\CHUYÊN_ ĐỀ_WEB\\ChuyenDeWeb2_3\\backend\\vendor\\laravel\\framework\\src\\Illuminate\\Database\\Connection.php(811): Illuminate\\Database\\MySqlConnection->Illuminate\\Database\\{closure}('insert into `us...', Array)
#2 D:\\QuangHuy2897\\CHUYÊN_ ĐỀ_WEB\\ChuyenDeWeb2_3\\backend\\vendor\\laravel\\framework\\src\\Illuminate\\Database\\Connection.php(778): Illuminate\\Database\\Connection->runQueryCallback('insert into `us...', Array, Object(Closure))
#3 D:\\QuangHuy2897\\CHUYÊN_ ĐỀ_WEB\\ChuyenDeWeb2_3\\backend\\vendor\\laravel\\framework\\src\\Illuminate\\Database\\MySqlConnection.php(42): Illuminate\\Database\\Connection->run('insert into `us...', Array, Object(Closure))
#4 D:\\QuangHuy2897\\CHUYÊN_ ĐỀ_WEB\\ChuyenDeWeb2_3\\backend\\vendor\\laravel\\framework\\src\\Illuminate\\Database\\Query\\Processors\\MySqlProcessor.php(35): Illuminate\\Database\\MySqlConnection->insert('insert into `us...', Array, 'user_id')
#5 D:\\QuangHuy2897\\CHUYÊN_ ĐỀ_WEB\\ChuyenDeWeb2_3\\backend\\vendor\\laravel\\framework\\src\\Illuminate\\Database\\Query\\Builder.php(3853): Illuminate\\Database\\Query\\Processors\\MySqlProcessor->processInsertGetId(Object(Illuminate\\Database\\Query\\Builder), 'insert into `us...', Array, 'user_id')
#6 D:\\QuangHuy2897\\CHUYÊN_ ĐỀ_WEB\\ChuyenDeWeb2_3\\backend\\vendor\\laravel\\framework\\src\\Illuminate\\Database\\Eloquent\\Builder.php(2235): Illuminate\\Database\\Query\\Builder->insertGetId(Array, 'user_id')
#7 D:\\QuangHuy2897\\CHUYÊN_ ĐỀ_WEB\\ChuyenDeWeb2_3\\backend\\vendor\\laravel\\framework\\src\\Illuminate\\Database\\Eloquent\\Model.php(1436): Illuminate\\Database\\Eloquent\\Builder->__call('insertGetId', Array)
#8 D:\\QuangHuy2897\\CHUYÊN_ ĐỀ_WEB\\ChuyenDeWeb2_3\\backend\\vendor\\laravel\\framework\\src\\Illuminate\\Database\\Eloquent\\Model.php(1401): Illuminate\\Database\\Eloquent\\Model->insertAndSetId(Object(Illuminate\\Database\\Eloquent\\Builder), Array)
#9 D:\\QuangHuy2897\\CHUYÊN_ ĐỀ_WEB\\ChuyenDeWeb2_3\\backend\\vendor\\laravel\\framework\\src\\Illuminate\\Database\\Eloquent\\Model.php(1240): Illuminate\\Database\\Eloquent\\Model->performInsert(Object(Illuminate\\Database\\Eloquent\\Builder))
#10 D:\\QuangHuy2897\\CHUYÊN_ ĐỀ_WEB\\ChuyenDeWeb2_3\\backend\\vendor\\laravel\\framework\\src\\Illuminate\\Database\\Eloquent\\Builder.php(1219): Illuminate\\Database\\Eloquent\\Model->save()
#11 D:\\QuangHuy2897\\CHUYÊN_ ĐỀ_WEB\\ChuyenDeWeb2_3\\backend\\vendor\\laravel\\framework\\src\\Illuminate\\Support\\helpers.php(390): Illuminate\\Database\\Eloquent\\Builder->Illuminate\\Database\\Eloquent\\{closure}(Object(App\\Models\\User))
#12 D:\\QuangHuy2897\\CHUYÊN_ ĐỀ_WEB\\ChuyenDeWeb2_3\\backend\\vendor\\laravel\\framework\\src\\Illuminate\\Database\\Eloquent\\Builder.php(1218): tap(Object(App\\Models\\User), Object(Closure))
#13 D:\\QuangHuy2897\\CHUYÊN_ ĐỀ_WEB\\ChuyenDeWeb2_3\\backend\\vendor\\laravel\\framework\\src\\Illuminate\\Support\\Traits\\ForwardsCalls.php(23): Illuminate\\Database\\Eloquent\\Builder->create(Array)
#14 D:\\QuangHuy2897\\CHUYÊN_ ĐỀ_WEB\\ChuyenDeWeb2_3\\backend\\vendor\\laravel\\framework\\src\\Illuminate\\Database\\Eloquent\\Model.php(2540): Illuminate\\Database\\Eloquent\\Model->forwardCallTo(Object(Illuminate\\Database\\Eloquent\\Builder), 'create', Array)
#15 D:\\QuangHuy2897\\CHUYÊN_ ĐỀ_WEB\\ChuyenDeWeb2_3\\backend\\vendor\\laravel\\framework\\src\\Illuminate\\Database\\Eloquent\\Model.php(2556): Illuminate\\Database\\Eloquent\\Model->__call('create', Array)
#16 D:\\QuangHuy2897\\CHUYÊN_ ĐỀ_WEB\\ChuyenDeWeb2_3\\backend\\app\\Http\\Controllers\\AuthController.php(20): Illuminate\\Database\\Eloquent\\Model::__callStatic('create', Array)
#17 D:\\QuangHuy2897\\CHUYÊN_ ĐỀ_WEB\\ChuyenDeWeb2_3\\backend\\vendor\\laravel\\framework\\src\\Illuminate\\Routing\\ControllerDispatcher.php(46): App\\Http\\Controllers\\AuthController->register(Object(Illuminate\\Http\\Request))
#18 D:\\QuangHuy2897\\CHUYÊN_ ĐỀ_WEB\\ChuyenDeWeb2_3\\backend\\vendor\\laravel\\framework\\src\\Illuminate\\Routing\\Route.php(265): Illuminate\\Routing\\ControllerDispatcher->dispatch(Object(Illuminate\\Routing\\Route), Object(App\\Http\\Controllers\\AuthController), 'register')
#19 D:\\QuangHuy2897\\CHUYÊN_ ĐỀ_WEB\\ChuyenDeWeb2_3\\backend\\vendor\\laravel\\framework\\src\\Illuminate\\Routing\\Route.php(211): Illuminate\\Routing\\Route->runController()
#20 D:\\QuangHuy2897\\CHUYÊN_ ĐỀ_WEB\\ChuyenDeWeb2_3\\backend\\vendor\\laravel\\framework\\src\\Illuminate\\Routing\\Router.php(822): Illuminate\\Routing\\Route->run()
#21 D:\\QuangHuy2897\\CHUYÊN_ ĐỀ_WEB\\ChuyenDeWeb2_3\\backend\\vendor\\laravel\\framework\\src\\Illuminate\\Pipeline\\Pipeline.php(180): Illuminate\\Routing\\Router->Illuminate\\Routing\\{closure}(Object(Illuminate\\Http\\Request))
#22 D:\\QuangHuy2897\\CHUYÊN_ ĐỀ_WEB\\ChuyenDeWeb2_3\\backend\\vendor\\laravel\\framework\\src\\Illuminate\\Routing\\Middleware\\SubstituteBindings.php(50): Illuminate\\Pipeline\\Pipeline->Illuminate\\Pipeline\\{closure}(Object(Illuminate\\Http\\Request))
#23 D:\\QuangHuy2897\\CHUYÊN_ ĐỀ_WEB\\ChuyenDeWeb2_3\\backend\\vendor\\laravel\\framework\\src\\Illuminate\\Pipeline\\Pipeline.php(219): Illuminate\\Routing\\Middleware\\SubstituteBindings->handle(Object(Illuminate\\Http\\Request), Object(Closure))
#24 D:\\QuangHuy2897\\CHUYÊN_ ĐỀ_WEB\\ChuyenDeWeb2_3\\backend\\vendor\\laravel\\framework\\src\\Illuminate\\Pipeline\\Pipeline.php(137): Illuminate\\Pipeline\\Pipeline->Illuminate\\Pipeline\\{closure}(Object(Illuminate\\Http\\Request))
#25 D:\\QuangHuy2897\\CHUYÊN_ ĐỀ_WEB\\ChuyenDeWeb2_3\\backend\\vendor\\laravel\\framework\\src\\Illuminate\\Routing\\Router.php(821): Illuminate\\Pipeline\\Pipeline->then(Object(Closure))
#26 D:\\QuangHuy2897\\CHUYÊN_ ĐỀ_WEB\\ChuyenDeWeb2_3\\backend\\vendor\\laravel\\framework\\src\\Illuminate\\Routing\\Router.php(800): Illuminate\\Routing\\Router->runRouteWithinStack(Object(Illuminate\\Routing\\Route), Object(Illuminate\\Http\\Request))
#27 D:\\QuangHuy2897\\CHUYÊN_ ĐỀ_WEB\\ChuyenDeWeb2_3\\backend\\vendor\\laravel\\framework\\src\\Illuminate\\Routing\\Router.php(764): Illuminate\\Routing\\Router->runRoute(Object(Illuminate\\Http\\Request), Object(Illuminate\\Routing\\Route))
#28 D:\\QuangHuy2897\\CHUYÊN_ ĐỀ_WEB\\ChuyenDeWeb2_3\\backend\\vendor\\laravel\\framework\\src\\Illuminate\\Routing\\Router.php(753): Illuminate\\Routing\\Router->dispatchToRoute(Object(Illuminate\\Http\\Request))
#29 D:\\QuangHuy2897\\CHUYÊN_ ĐỀ_WEB\\ChuyenDeWeb2_3\\backend\\vendor\\laravel\\framework\\src\\Illuminate\\Foundation\\Http\\Kernel.php(200): Illuminate\\Routing\\Router->dispatch(Object(Illuminate\\Http\\Request))
#30 D:\\QuangHuy2897\\CHUYÊN_ ĐỀ_WEB\\ChuyenDeWeb2_3\\backend\\vendor\\laravel\\framework\\src\\Illuminate\\Pipeline\\Pipeline.php(180): Illuminate\\Foundation\\Http\\Kernel->Illuminate\\Foundation\\Http\\{closure}(Object(Illuminate\\Http\\Request))
#31 D:\\QuangHuy2897\\CHUYÊN_ ĐỀ_WEB\\ChuyenDeWeb2_3\\backend\\vendor\\laravel\\framework\\src\\Illuminate\\Foundation\\Http\\Middleware\\TransformsRequest.php(21): Illuminate\\Pipeline\\Pipeline->Illuminate\\Pipeline\\{closure}(Object(Illuminate\\Http\\Request))
#32 D:\\QuangHuy2897\\CHUYÊN_ ĐỀ_WEB\\ChuyenDeWeb2_3\\backend\\vendor\\laravel\\framework\\src\\Illuminate\\Foundation\\Http\\Middleware\\ConvertEmptyStringsToNull.php(31): Illuminate\\Foundation\\Http\\Middleware\\TransformsRequest->handle(Object(Illuminate\\Http\\Request), Object(Closure))
#33 D:\\QuangHuy2897\\CHUYÊN_ ĐỀ_WEB\\ChuyenDeWeb2_3\\backend\\vendor\\laravel\\framework\\src\\Illuminate\\Pipeline\\Pipeline.php(219): Illuminate\\Foundation\\Http\\Middleware\\ConvertEmptyStringsToNull->handle(Object(Illuminate\\Http\\Request), Object(Closure))
#34 D:\\QuangHuy2897\\CHUYÊN_ ĐỀ_WEB\\ChuyenDeWeb2_3\\backend\\vendor\\laravel\\framework\\src\\Illuminate\\Foundation\\Http\\Middleware\\TransformsRequest.php(21): Illuminate\\Pipeline\\Pipeline->Illuminate\\Pipeline\\{closure}(Object(Illuminate\\Http\\Request))
#35 D:\\QuangHuy2897\\CHUYÊN_ ĐỀ_WEB\\ChuyenDeWeb2_3\\backend\\vendor\\laravel\\framework\\src\\Illuminate\\Foundation\\Http\\Middleware\\TrimStrings.php(51): Illuminate\\Foundation\\Http\\Middleware\\TransformsRequest->handle(Object(Illuminate\\Http\\Request), Object(Closure))
#36 D:\\QuangHuy2897\\CHUYÊN_ ĐỀ_WEB\\ChuyenDeWeb2_3\\backend\\vendor\\laravel\\framework\\src\\Illuminate\\Pipeline\\Pipeline.php(219): Illuminate\\Foundation\\Http\\Middleware\\TrimStrings->handle(Object(Illuminate\\Http\\Request), Object(Closure))
#37 D:\\QuangHuy2897\\CHUYÊN_ ĐỀ_WEB\\ChuyenDeWeb2_3\\backend\\vendor\\laravel\\framework\\src\\Illuminate\\Http\\Middleware\\ValidatePostSize.php(27): Illuminate\\Pipeline\\Pipeline->Illuminate\\Pipeline\\{closure}(Object(Illuminate\\Http\\Request))
#38 D:\\QuangHuy2897\\CHUYÊN_ ĐỀ_WEB\\ChuyenDeWeb2_3\\backend\\vendor\\laravel\\framework\\src\\Illuminate\\Pipeline\\Pipeline.php(219): Illuminate\\Http\\Middleware\\ValidatePostSize->handle(Object(Illuminate\\Http\\Request), Object(Closure))
#39 D:\\QuangHuy2897\\CHUYÊN_ ĐỀ_WEB\\ChuyenDeWeb2_3\\backend\\vendor\\laravel\\framework\\src\\Illuminate\\Foundation\\Http\\Middleware\\PreventRequestsDuringMaintenance.php(109): Illuminate\\Pipeline\\Pipeline->Illuminate\\Pipeline\\{closure}(Object(Illuminate\\Http\\Request))
#40 D:\\QuangHuy2897\\CHUYÊN_ ĐỀ_WEB\\ChuyenDeWeb2_3\\backend\\vendor\\laravel\\framework\\src\\Illuminate\\Pipeline\\Pipeline.php(219): Illuminate\\Foundation\\Http\\Middleware\\PreventRequestsDuringMaintenance->handle(Object(Illuminate\\Http\\Request), Object(Closure))
#41 D:\\QuangHuy2897\\CHUYÊN_ ĐỀ_WEB\\ChuyenDeWeb2_3\\backend\\vendor\\laravel\\framework\\src\\Illuminate\\Http\\Middleware\\HandleCors.php(61): Illuminate\\Pipeline\\Pipeline->Illuminate\\Pipeline\\{closure}(Object(Illuminate\\Http\\Request))
#42 D:\\QuangHuy2897\\CHUYÊN_ ĐỀ_WEB\\ChuyenDeWeb2_3\\backend\\vendor\\laravel\\framework\\src\\Illuminate\\Pipeline\\Pipeline.php(219): Illuminate\\Http\\Middleware\\HandleCors->handle(Object(Illuminate\\Http\\Request), Object(Closure))
#43 D:\\QuangHuy2897\\CHUYÊN_ ĐỀ_WEB\\ChuyenDeWeb2_3\\backend\\vendor\\laravel\\framework\\src\\Illuminate\\Http\\Middleware\\TrustProxies.php(58): Illuminate\\Pipeline\\Pipeline->Illuminate\\Pipeline\\{closure}(Object(Illuminate\\Http\\Request))
#44 D:\\QuangHuy2897\\CHUYÊN_ ĐỀ_WEB\\ChuyenDeWeb2_3\\backend\\vendor\\laravel\\framework\\src\\Illuminate\\Pipeline\\Pipeline.php(219): Illuminate\\Http\\Middleware\\TrustProxies->handle(Object(Illuminate\\Http\\Request), Object(Closure))
#45 D:\\QuangHuy2897\\CHUYÊN_ ĐỀ_WEB\\ChuyenDeWeb2_3\\backend\\vendor\\laravel\\framework\\src\\Illuminate\\Foundation\\Http\\Middleware\\InvokeDeferredCallbacks.php(22): Illuminate\\Pipeline\\Pipeline->Illuminate\\Pipeline\\{closure}(Object(Illuminate\\Http\\Request))
#46 D:\\QuangHuy2897\\CHUYÊN_ ĐỀ_WEB\\ChuyenDeWeb2_3\\backend\\vendor\\laravel\\framework\\src\\Illuminate\\Pipeline\\Pipeline.php(219): Illuminate\\Foundation\\Http\\Middleware\\InvokeDeferredCallbacks->handle(Object(Illuminate\\Http\\Request), Object(Closure))
#47 D:\\QuangHuy2897\\CHUYÊN_ ĐỀ_WEB\\ChuyenDeWeb2_3\\backend\\vendor\\laravel\\framework\\src\\Illuminate\\Http\\Middleware\\ValidatePathEncoding.php(26): Illuminate\\Pipeline\\Pipeline->Illuminate\\Pipeline\\{closure}(Object(Illuminate\\Http\\Request))
#48 D:\\QuangHuy2897\\CHUYÊN_ ĐỀ_WEB\\ChuyenDeWeb2_3\\backend\\vendor\\laravel\\framework\\src\\Illuminate\\Pipeline\\Pipeline.php(219): Illuminate\\Http\\Middleware\\ValidatePathEncoding->handle(Object(Illuminate\\Http\\Request), Object(Closure))
#49 D:\\QuangHuy2897\\CHUYÊN_ ĐỀ_WEB\\ChuyenDeWeb2_3\\backend\\vendor\\laravel\\framework\\src\\Illuminate\\Pipeline\\Pipeline.php(137): Illuminate\\Pipeline\\Pipeline->Illuminate\\Pipeline\\{closure}(Object(Illuminate\\Http\\Request))
#50 D:\\QuangHuy2897\\CHUYÊN_ ĐỀ_WEB\\ChuyenDeWeb2_3\\backend\\vendor\\laravel\\framework\\src\\Illuminate\\Foundation\\Http\\Kernel.php(175): Illuminate\\Pipeline\\Pipeline->then(Object(Closure))
#51 D:\\QuangHuy2897\\CHUYÊN_ ĐỀ_WEB\\ChuyenDeWeb2_3\\backend\\vendor\\laravel\\framework\\src\\Illuminate\\Foundation\\Http\\Kernel.php(144): Illuminate\\Foundation\\Http\\Kernel->sendRequestThroughRouter(Object(Illuminate\\Http\\Request))
#52 D:\\QuangHuy2897\\CHUYÊN_ ĐỀ_WEB\\ChuyenDeWeb2_3\\backend\\vendor\\laravel\\framework\\src\\Illuminate\\Foundation\\Application.php(1220): Illuminate\\Foundation\\Http\\Kernel->handle(Object(Illuminate\\Http\\Request))
#53 D:\\QuangHuy2897\\CHUYÊN_ ĐỀ_WEB\\ChuyenDeWeb2_3\\backend\\public\\index.php(20): Illuminate\\Foundation\\Application->handleRequest(Object(Illuminate\\Http\\Request))
#54 D:\\QuangHuy2897\\CHUYÊN_ ĐỀ_WEB\\ChuyenDeWeb2_3\\backend\\vendor\\laravel\\framework\\src\\Illuminate\\Foundation\\resources\\server.php(23): require_once('D:\\\\QuangHuy2897...')
#55 {main}
"} 
[2025-10-31 13:15:33] local.ERROR: SQLSTATE[01000]: Warning: 1265 Data truncated for column 'status' at row 1 (Connection: mysql, SQL: update `users` set `status` = Hoạt động, `users`.`updated_at` = 2025-10-31 13:15:33 where `user_id` = 9) {"exception":"[object] (Illuminate\\Database\\QueryException(code: 01000): SQLSTATE[01000]: Warning: 1265 Data truncated for column 'status' at row 1 (Connection: mysql, SQL: update `users` set `status` = Hoạt động, `users`.`updated_at` = 2025-10-31 13:15:33 where `user_id` = 9) at D:\\QuangHuy2897\\CHUYÊN_ ĐỀ_WEB\\ChuyenDeWeb2_3\\backend\\vendor\\laravel\\framework\\src\\Illuminate\\Database\\Connection.php:824)
[stacktrace]
#0 D:\\QuangHuy2897\\CHUYÊN_ ĐỀ_WEB\\ChuyenDeWeb2_3\\backend\\vendor\\laravel\\framework\\src\\Illuminate\\Database\\Connection.php(778): Illuminate\\Database\\Connection->runQueryCallback('update `users` ...', Array, Object(Closure))
#1 D:\\QuangHuy2897\\CHUYÊN_ ĐỀ_WEB\\ChuyenDeWeb2_3\\backend\\vendor\\laravel\\framework\\src\\Illuminate\\Database\\Connection.php(583): Illuminate\\Database\\Connection->run('update `users` ...', Array, Object(Closure))
#2 D:\\QuangHuy2897\\CHUYÊN_ ĐỀ_WEB\\ChuyenDeWeb2_3\\backend\\vendor\\laravel\\framework\\src\\Illuminate\\Database\\Connection.php(535): Illuminate\\Database\\Connection->affectingStatement('update `users` ...', Array)
#3 D:\\QuangHuy2897\\CHUYÊN_ ĐỀ_WEB\\ChuyenDeWeb2_3\\backend\\vendor\\laravel\\framework\\src\\Illuminate\\Database\\Query\\Builder.php(3917): Illuminate\\Database\\Connection->update('update `users` ...', Array)
#4 D:\\QuangHuy2897\\CHUYÊN_ ĐỀ_WEB\\ChuyenDeWeb2_3\\backend\\vendor\\laravel\\framework\\src\\Illuminate\\Database\\Eloquent\\Builder.php(1266): Illuminate\\Database\\Query\\Builder->update(Object(Illuminate\\Support\\Collection))
#5 D:\\QuangHuy2897\\CHUYÊN_ ĐỀ_WEB\\ChuyenDeWeb2_3\\backend\\vendor\\laravel\\framework\\src\\Illuminate\\Database\\Eloquent\\Model.php(1316): Illuminate\\Database\\Eloquent\\Builder->update(Array)
#6 D:\\QuangHuy2897\\CHUYÊN_ ĐỀ_WEB\\ChuyenDeWeb2_3\\backend\\vendor\\laravel\\framework\\src\\Illuminate\\Database\\Eloquent\\Model.php(1233): Illuminate\\Database\\Eloquent\\Model->performUpdate(Object(Illuminate\\Database\\Eloquent\\Builder))
#7 D:\\QuangHuy2897\\CHUYÊN_ ĐỀ_WEB\\ChuyenDeWeb2_3\\backend\\app\\Http\\Controllers\\AuthController.php(55): Illuminate\\Database\\Eloquent\\Model->save()
#8 D:\\QuangHuy2897\\CHUYÊN_ ĐỀ_WEB\\ChuyenDeWeb2_3\\backend\\vendor\\laravel\\framework\\src\\Illuminate\\Routing\\ControllerDispatcher.php(46): App\\Http\\Controllers\\AuthController->login(Object(Illuminate\\Http\\Request))
#9 D:\\QuangHuy2897\\CHUYÊN_ ĐỀ_WEB\\ChuyenDeWeb2_3\\backend\\vendor\\laravel\\framework\\src\\Illuminate\\Routing\\Route.php(265): Illuminate\\Routing\\ControllerDispatcher->dispatch(Object(Illuminate\\Routing\\Route), Object(App\\Http\\Controllers\\AuthController), 'login')
#10 D:\\QuangHuy2897\\CHUYÊN_ ĐỀ_WEB\\ChuyenDeWeb2_3\\backend\\vendor\\laravel\\framework\\src\\Illuminate\\Routing\\Route.php(211): Illuminate\\Routing\\Route->runController()
#11 D:\\QuangHuy2897\\CHUYÊN_ ĐỀ_WEB\\ChuyenDeWeb2_3\\backend\\vendor\\laravel\\framework\\src\\Illuminate\\Routing\\Router.php(822): Illuminate\\Routing\\Route->run()
#12 D:\\QuangHuy2897\\CHUYÊN_ ĐỀ_WEB\\ChuyenDeWeb2_3\\backend\\vendor\\laravel\\framework\\src\\Illuminate\\Pipeline\\Pipeline.php(180): Illuminate\\Routing\\Router->Illuminate\\Routing\\{closure}(Object(Illuminate\\Http\\Request))
#13 D:\\QuangHuy2897\\CHUYÊN_ ĐỀ_WEB\\ChuyenDeWeb2_3\\backend\\vendor\\laravel\\framework\\src\\Illuminate\\Routing\\Middleware\\SubstituteBindings.php(50): Illuminate\\Pipeline\\Pipeline->Illuminate\\Pipeline\\{closure}(Object(Illuminate\\Http\\Request))
#14 D:\\QuangHuy2897\\CHUYÊN_ ĐỀ_WEB\\ChuyenDeWeb2_3\\backend\\vendor\\laravel\\framework\\src\\Illuminate\\Pipeline\\Pipeline.php(219): Illuminate\\Routing\\Middleware\\SubstituteBindings->handle(Object(Illuminate\\Http\\Request), Object(Closure))
#15 D:\\QuangHuy2897\\CHUYÊN_ ĐỀ_WEB\\ChuyenDeWeb2_3\\backend\\vendor\\laravel\\framework\\src\\Illuminate\\Pipeline\\Pipeline.php(137): Illuminate\\Pipeline\\Pipeline->Illuminate\\Pipeline\\{closure}(Object(Illuminate\\Http\\Request))
#16 D:\\QuangHuy2897\\CHUYÊN_ ĐỀ_WEB\\ChuyenDeWeb2_3\\backend\\vendor\\laravel\\framework\\src\\Illuminate\\Routing\\Router.php(821): Illuminate\\Pipeline\\Pipeline->then(Object(Closure))
#17 D:\\QuangHuy2897\\CHUYÊN_ ĐỀ_WEB\\ChuyenDeWeb2_3\\backend\\vendor\\laravel\\framework\\src\\Illuminate\\Routing\\Router.php(800): Illuminate\\Routing\\Router->runRouteWithinStack(Object(Illuminate\\Routing\\Route), Object(Illuminate\\Http\\Request))
#18 D:\\QuangHuy2897\\CHUYÊN_ ĐỀ_WEB\\ChuyenDeWeb2_3\\backend\\vendor\\laravel\\framework\\src\\Illuminate\\Routing\\Router.php(764): Illuminate\\Routing\\Router->runRoute(Object(Illuminate\\Http\\Request), Object(Illuminate\\Routing\\Route))
#19 D:\\QuangHuy2897\\CHUYÊN_ ĐỀ_WEB\\ChuyenDeWeb2_3\\backend\\vendor\\laravel\\framework\\src\\Illuminate\\Routing\\Router.php(753): Illuminate\\Routing\\Router->dispatchToRoute(Object(Illuminate\\Http\\Request))
#20 D:\\QuangHuy2897\\CHUYÊN_ ĐỀ_WEB\\ChuyenDeWeb2_3\\backend\\vendor\\laravel\\framework\\src\\Illuminate\\Foundation\\Http\\Kernel.php(200): Illuminate\\Routing\\Router->dispatch(Object(Illuminate\\Http\\Request))
#21 D:\\QuangHuy2897\\CHUYÊN_ ĐỀ_WEB\\ChuyenDeWeb2_3\\backend\\vendor\\laravel\\framework\\src\\Illuminate\\Pipeline\\Pipeline.php(180): Illuminate\\Foundation\\Http\\Kernel->Illuminate\\Foundation\\Http\\{closure}(Object(Illuminate\\Http\\Request))
#22 D:\\QuangHuy2897\\CHUYÊN_ ĐỀ_WEB\\ChuyenDeWeb2_3\\backend\\vendor\\laravel\\framework\\src\\Illuminate\\Foundation\\Http\\Middleware\\TransformsRequest.php(21): Illuminate\\Pipeline\\Pipeline->Illuminate\\Pipeline\\{closure}(Object(Illuminate\\Http\\Request))
#23 D:\\QuangHuy2897\\CHUYÊN_ ĐỀ_WEB\\ChuyenDeWeb2_3\\backend\\vendor\\laravel\\framework\\src\\Illuminate\\Foundation\\Http\\Middleware\\ConvertEmptyStringsToNull.php(31): Illuminate\\Foundation\\Http\\Middleware\\TransformsRequest->handle(Object(Illuminate\\Http\\Request), Object(Closure))
#24 D:\\QuangHuy2897\\CHUYÊN_ ĐỀ_WEB\\ChuyenDeWeb2_3\\backend\\vendor\\laravel\\framework\\src\\Illuminate\\Pipeline\\Pipeline.php(219): Illuminate\\Foundation\\Http\\Middleware\\ConvertEmptyStringsToNull->handle(Object(Illuminate\\Http\\Request), Object(Closure))
#25 D:\\QuangHuy2897\\CHUYÊN_ ĐỀ_WEB\\ChuyenDeWeb2_3\\backend\\vendor\\laravel\\framework\\src\\Illuminate\\Foundation\\Http\\Middleware\\TransformsRequest.php(21): Illuminate\\Pipeline\\Pipeline->Illuminate\\Pipeline\\{closure}(Object(Illuminate\\Http\\Request))
#26 D:\\QuangHuy2897\\CHUYÊN_ ĐỀ_WEB\\ChuyenDeWeb2_3\\backend\\vendor\\laravel\\framework\\src\\Illuminate\\Foundation\\Http\\Middleware\\TrimStrings.php(51): Illuminate\\Foundation\\Http\\Middleware\\TransformsRequest->handle(Object(Illuminate\\Http\\Request), Object(Closure))
#27 D:\\QuangHuy2897\\CHUYÊN_ ĐỀ_WEB\\ChuyenDeWeb2_3\\backend\\vendor\\laravel\\framework\\src\\Illuminate\\Pipeline\\Pipeline.php(219): Illuminate\\Foundation\\Http\\Middleware\\TrimStrings->handle(Object(Illuminate\\Http\\Request), Object(Closure))
#28 D:\\QuangHuy2897\\CHUYÊN_ ĐỀ_WEB\\ChuyenDeWeb2_3\\backend\\vendor\\laravel\\framework\\src\\Illuminate\\Http\\Middleware\\ValidatePostSize.php(27): Illuminate\\Pipeline\\Pipeline->Illuminate\\Pipeline\\{closure}(Object(Illuminate\\Http\\Request))
#29 D:\\QuangHuy2897\\CHUYÊN_ ĐỀ_WEB\\ChuyenDeWeb2_3\\backend\\vendor\\laravel\\framework\\src\\Illuminate\\Pipeline\\Pipeline.php(219): Illuminate\\Http\\Middleware\\ValidatePostSize->handle(Object(Illuminate\\Http\\Request), Object(Closure))
#30 D:\\QuangHuy2897\\CHUYÊN_ ĐỀ_WEB\\ChuyenDeWeb2_3\\backend\\vendor\\laravel\\framework\\src\\Illuminate\\Foundation\\Http\\Middleware\\PreventRequestsDuringMaintenance.php(109): Illuminate\\Pipeline\\Pipeline->Illuminate\\Pipeline\\{closure}(Object(Illuminate\\Http\\Request))
#31 D:\\QuangHuy2897\\CHUYÊN_ ĐỀ_WEB\\ChuyenDeWeb2_3\\backend\\vendor\\laravel\\framework\\src\\Illuminate\\Pipeline\\Pipeline.php(219): Illuminate\\Foundation\\Http\\Middleware\\PreventRequestsDuringMaintenance->handle(Object(Illuminate\\Http\\Request), Object(Closure))
#32 D:\\QuangHuy2897\\CHUYÊN_ ĐỀ_WEB\\ChuyenDeWeb2_3\\backend\\vendor\\laravel\\framework\\src\\Illuminate\\Http\\Middleware\\HandleCors.php(61): Illuminate\\Pipeline\\Pipeline->Illuminate\\Pipeline\\{closure}(Object(Illuminate\\Http\\Request))
#33 D:\\QuangHuy2897\\CHUYÊN_ ĐỀ_WEB\\ChuyenDeWeb2_3\\backend\\vendor\\laravel\\framework\\src\\Illuminate\\Pipeline\\Pipeline.php(219): Illuminate\\Http\\Middleware\\HandleCors->handle(Object(Illuminate\\Http\\Request), Object(Closure))
#34 D:\\QuangHuy2897\\CHUYÊN_ ĐỀ_WEB\\ChuyenDeWeb2_3\\backend\\vendor\\laravel\\framework\\src\\Illuminate\\Http\\Middleware\\TrustProxies.php(58): Illuminate\\Pipeline\\Pipeline->Illuminate\\Pipeline\\{closure}(Object(Illuminate\\Http\\Request))
#35 D:\\QuangHuy2897\\CHUYÊN_ ĐỀ_WEB\\ChuyenDeWeb2_3\\backend\\vendor\\laravel\\framework\\src\\Illuminate\\Pipeline\\Pipeline.php(219): Illuminate\\Http\\Middleware\\TrustProxies->handle(Object(Illuminate\\Http\\Request), Object(Closure))
#36 D:\\QuangHuy2897\\CHUYÊN_ ĐỀ_WEB\\ChuyenDeWeb2_3\\backend\\vendor\\laravel\\framework\\src\\Illuminate\\Foundation\\Http\\Middleware\\InvokeDeferredCallbacks.php(22): Illuminate\\Pipeline\\Pipeline->Illuminate\\Pipeline\\{closure}(Object(Illuminate\\Http\\Request))
#37 D:\\QuangHuy2897\\CHUYÊN_ ĐỀ_WEB\\ChuyenDeWeb2_3\\backend\\vendor\\laravel\\framework\\src\\Illuminate\\Pipeline\\Pipeline.php(219): Illuminate\\Foundation\\Http\\Middleware\\InvokeDeferredCallbacks->handle(Object(Illuminate\\Http\\Request), Object(Closure))
#38 D:\\QuangHuy2897\\CHUYÊN_ ĐỀ_WEB\\ChuyenDeWeb2_3\\backend\\vendor\\laravel\\framework\\src\\Illuminate\\Http\\Middleware\\ValidatePathEncoding.php(26): Illuminate\\Pipeline\\Pipeline->Illuminate\\Pipeline\\{closure}(Object(Illuminate\\Http\\Request))
#39 D:\\QuangHuy2897\\CHUYÊN_ ĐỀ_WEB\\ChuyenDeWeb2_3\\backend\\vendor\\laravel\\framework\\src\\Illuminate\\Pipeline\\Pipeline.php(219): Illuminate\\Http\\Middleware\\ValidatePathEncoding->handle(Object(Illuminate\\Http\\Request), Object(Closure))
#40 D:\\QuangHuy2897\\CHUYÊN_ ĐỀ_WEB\\ChuyenDeWeb2_3\\backend\\vendor\\laravel\\framework\\src\\Illuminate\\Pipeline\\Pipeline.php(137): Illuminate\\Pipeline\\Pipeline->Illuminate\\Pipeline\\{closure}(Object(Illuminate\\Http\\Request))
#41 D:\\QuangHuy2897\\CHUYÊN_ ĐỀ_WEB\\ChuyenDeWeb2_3\\backend\\vendor\\laravel\\framework\\src\\Illuminate\\Foundation\\Http\\Kernel.php(175): Illuminate\\Pipeline\\Pipeline->then(Object(Closure))
#42 D:\\QuangHuy2897\\CHUYÊN_ ĐỀ_WEB\\ChuyenDeWeb2_3\\backend\\vendor\\laravel\\framework\\src\\Illuminate\\Foundation\\Http\\Kernel.php(144): Illuminate\\Foundation\\Http\\Kernel->sendRequestThroughRouter(Object(Illuminate\\Http\\Request))
#43 D:\\QuangHuy2897\\CHUYÊN_ ĐỀ_WEB\\ChuyenDeWeb2_3\\backend\\vendor\\laravel\\framework\\src\\Illuminate\\Foundation\\Application.php(1220): Illuminate\\Foundation\\Http\\Kernel->handle(Object(Illuminate\\Http\\Request))
#44 D:\\QuangHuy2897\\CHUYÊN_ ĐỀ_WEB\\ChuyenDeWeb2_3\\backend\\public\\index.php(20): Illuminate\\Foundation\\Application->handleRequest(Object(Illuminate\\Http\\Request))
#45 D:\\QuangHuy2897\\CHUYÊN_ ĐỀ_WEB\\ChuyenDeWeb2_3\\backend\\vendor\\laravel\\framework\\src\\Illuminate\\Foundation\\resources\\server.php(23): require_once('D:\\\\QuangHuy2897...')
#46 {main}

[previous exception] [object] (PDOException(code: 01000): SQLSTATE[01000]: Warning: 1265 Data truncated for column 'status' at row 1 at D:\\QuangHuy2897\\CHUYÊN_ ĐỀ_WEB\\ChuyenDeWeb2_3\\backend\\vendor\\laravel\\framework\\src\\Illuminate\\Database\\Connection.php:595)
[stacktrace]
#0 D:\\QuangHuy2897\\CHUYÊN_ ĐỀ_WEB\\ChuyenDeWeb2_3\\backend\\vendor\\laravel\\framework\\src\\Illuminate\\Database\\Connection.php(595): PDOStatement->execute()
#1 D:\\QuangHuy2897\\CHUYÊN_ ĐỀ_WEB\\ChuyenDeWeb2_3\\backend\\vendor\\laravel\\framework\\src\\Illuminate\\Database\\Connection.php(811): Illuminate\\Database\\Connection->Illuminate\\Database\\{closure}('update `users` ...', Array)
#2 D:\\QuangHuy2897\\CHUYÊN_ ĐỀ_WEB\\ChuyenDeWeb2_3\\backend\\vendor\\laravel\\framework\\src\\Illuminate\\Database\\Connection.php(778): Illuminate\\Database\\Connection->runQueryCallback('update `users` ...', Array, Object(Closure))
#3 D:\\QuangHuy2897\\CHUYÊN_ ĐỀ_WEB\\ChuyenDeWeb2_3\\backend\\vendor\\laravel\\framework\\src\\Illuminate\\Database\\Connection.php(583): Illuminate\\Database\\Connection->run('update `users` ...', Array, Object(Closure))
#4 D:\\QuangHuy2897\\CHUYÊN_ ĐỀ_WEB\\ChuyenDeWeb2_3\\backend\\vendor\\laravel\\framework\\src\\Illuminate\\Database\\Connection.php(535): Illuminate\\Database\\Connection->affectingStatement('update `users` ...', Array)
#5 D:\\QuangHuy2897\\CHUYÊN_ ĐỀ_WEB\\ChuyenDeWeb2_3\\backend\\vendor\\laravel\\framework\\src\\Illuminate\\Database\\Query\\Builder.php(3917): Illuminate\\Database\\Connection->update('update `users` ...', Array)
#6 D:\\QuangHuy2897\\CHUYÊN_ ĐỀ_WEB\\ChuyenDeWeb2_3\\backend\\vendor\\laravel\\framework\\src\\Illuminate\\Database\\Eloquent\\Builder.php(1266): Illuminate\\Database\\Query\\Builder->update(Object(Illuminate\\Support\\Collection))
#7 D:\\QuangHuy2897\\CHUYÊN_ ĐỀ_WEB\\ChuyenDeWeb2_3\\backend\\vendor\\laravel\\framework\\src\\Illuminate\\Database\\Eloquent\\Model.php(1316): Illuminate\\Database\\Eloquent\\Builder->update(Array)
#8 D:\\QuangHuy2897\\CHUYÊN_ ĐỀ_WEB\\ChuyenDeWeb2_3\\backend\\vendor\\laravel\\framework\\src\\Illuminate\\Database\\Eloquent\\Model.php(1233): Illuminate\\Database\\Eloquent\\Model->performUpdate(Object(Illuminate\\Database\\Eloquent\\Builder))
#9 D:\\QuangHuy2897\\CHUYÊN_ ĐỀ_WEB\\ChuyenDeWeb2_3\\backend\\app\\Http\\Controllers\\AuthController.php(55): Illuminate\\Database\\Eloquent\\Model->save()
#10 D:\\QuangHuy2897\\CHUYÊN_ ĐỀ_WEB\\ChuyenDeWeb2_3\\backend\\vendor\\laravel\\framework\\src\\Illuminate\\Routing\\ControllerDispatcher.php(46): App\\Http\\Controllers\\AuthController->login(Object(Illuminate\\Http\\Request))
#11 D:\\QuangHuy2897\\CHUYÊN_ ĐỀ_WEB\\ChuyenDeWeb2_3\\backend\\vendor\\laravel\\framework\\src\\Illuminate\\Routing\\Route.php(265): Illuminate\\Routing\\ControllerDispatcher->dispatch(Object(Illuminate\\Routing\\Route), Object(App\\Http\\Controllers\\AuthController), 'login')
#12 D:\\QuangHuy2897\\CHUYÊN_ ĐỀ_WEB\\ChuyenDeWeb2_3\\backend\\vendor\\laravel\\framework\\src\\Illuminate\\Routing\\Route.php(211): Illuminate\\Routing\\Route->runController()
#13 D:\\QuangHuy2897\\CHUYÊN_ ĐỀ_WEB\\ChuyenDeWeb2_3\\backend\\vendor\\laravel\\framework\\src\\Illuminate\\Routing\\Router.php(822): Illuminate\\Routing\\Route->run()
#14 D:\\QuangHuy2897\\CHUYÊN_ ĐỀ_WEB\\ChuyenDeWeb2_3\\backend\\vendor\\laravel\\framework\\src\\Illuminate\\Pipeline\\Pipeline.php(180): Illuminate\\Routing\\Router->Illuminate\\Routing\\{closure}(Object(Illuminate\\Http\\Request))
#15 D:\\QuangHuy2897\\CHUYÊN_ ĐỀ_WEB\\ChuyenDeWeb2_3\\backend\\vendor\\laravel\\framework\\src\\Illuminate\\Routing\\Middleware\\SubstituteBindings.php(50): Illuminate\\Pipeline\\Pipeline->Illuminate\\Pipeline\\{closure}(Object(Illuminate\\Http\\Request))
#16 D:\\QuangHuy2897\\CHUYÊN_ ĐỀ_WEB\\ChuyenDeWeb2_3\\backend\\vendor\\laravel\\framework\\src\\Illuminate\\Pipeline\\Pipeline.php(219): Illuminate\\Routing\\Middleware\\SubstituteBindings->handle(Object(Illuminate\\Http\\Request), Object(Closure))
#17 D:\\QuangHuy2897\\CHUYÊN_ ĐỀ_WEB\\ChuyenDeWeb2_3\\backend\\vendor\\laravel\\framework\\src\\Illuminate\\Pipeline\\Pipeline.php(137): Illuminate\\Pipeline\\Pipeline->Illuminate\\Pipeline\\{closure}(Object(Illuminate\\Http\\Request))
#18 D:\\QuangHuy2897\\CHUYÊN_ ĐỀ_WEB\\ChuyenDeWeb2_3\\backend\\vendor\\laravel\\framework\\src\\Illuminate\\Routing\\Router.php(821): Illuminate\\Pipeline\\Pipeline->then(Object(Closure))
#19 D:\\QuangHuy2897\\CHUYÊN_ ĐỀ_WEB\\ChuyenDeWeb2_3\\backend\\vendor\\laravel\\framework\\src\\Illuminate\\Routing\\Router.php(800): Illuminate\\Routing\\Router->runRouteWithinStack(Object(Illuminate\\Routing\\Route), Object(Illuminate\\Http\\Request))
#20 D:\\QuangHuy2897\\CHUYÊN_ ĐỀ_WEB\\ChuyenDeWeb2_3\\backend\\vendor\\laravel\\framework\\src\\Illuminate\\Routing\\Router.php(764): Illuminate\\Routing\\Router->runRoute(Object(Illuminate\\Http\\Request), Object(Illuminate\\Routing\\Route))
#21 D:\\QuangHuy2897\\CHUYÊN_ ĐỀ_WEB\\ChuyenDeWeb2_3\\backend\\vendor\\laravel\\framework\\src\\Illuminate\\Routing\\Router.php(753): Illuminate\\Routing\\Router->dispatchToRoute(Object(Illuminate\\Http\\Request))
#22 D:\\QuangHuy2897\\CHUYÊN_ ĐỀ_WEB\\ChuyenDeWeb2_3\\backend\\vendor\\laravel\\framework\\src\\Illuminate\\Foundation\\Http\\Kernel.php(200): Illuminate\\Routing\\Router->dispatch(Object(Illuminate\\Http\\Request))
#23 D:\\QuangHuy2897\\CHUYÊN_ ĐỀ_WEB\\ChuyenDeWeb2_3\\backend\\vendor\\laravel\\framework\\src\\Illuminate\\Pipeline\\Pipeline.php(180): Illuminate\\Foundation\\Http\\Kernel->Illuminate\\Foundation\\Http\\{closure}(Object(Illuminate\\Http\\Request))
#24 D:\\QuangHuy2897\\CHUYÊN_ ĐỀ_WEB\\ChuyenDeWeb2_3\\backend\\vendor\\laravel\\framework\\src\\Illuminate\\Foundation\\Http\\Middleware\\TransformsRequest.php(21): Illuminate\\Pipeline\\Pipeline->Illuminate\\Pipeline\\{closure}(Object(Illuminate\\Http\\Request))
#25 D:\\QuangHuy2897\\CHUYÊN_ ĐỀ_WEB\\ChuyenDeWeb2_3\\backend\\vendor\\laravel\\framework\\src\\Illuminate\\Foundation\\Http\\Middleware\\ConvertEmptyStringsToNull.php(31): Illuminate\\Foundation\\Http\\Middleware\\TransformsRequest->handle(Object(Illuminate\\Http\\Request), Object(Closure))
#26 D:\\QuangHuy2897\\CHUYÊN_ ĐỀ_WEB\\ChuyenDeWeb2_3\\backend\\vendor\\laravel\\framework\\src\\Illuminate\\Pipeline\\Pipeline.php(219): Illuminate\\Foundation\\Http\\Middleware\\ConvertEmptyStringsToNull->handle(Object(Illuminate\\Http\\Request), Object(Closure))
#27 D:\\QuangHuy2897\\CHUYÊN_ ĐỀ_WEB\\ChuyenDeWeb2_3\\backend\\vendor\\laravel\\framework\\src\\Illuminate\\Foundation\\Http\\Middleware\\TransformsRequest.php(21): Illuminate\\Pipeline\\Pipeline->Illuminate\\Pipeline\\{closure}(Object(Illuminate\\Http\\Request))
#28 D:\\QuangHuy2897\\CHUYÊN_ ĐỀ_WEB\\ChuyenDeWeb2_3\\backend\\vendor\\laravel\\framework\\src\\Illuminate\\Foundation\\Http\\Middleware\\TrimStrings.php(51): Illuminate\\Foundation\\Http\\Middleware\\TransformsRequest->handle(Object(Illuminate\\Http\\Request), Object(Closure))
#29 D:\\QuangHuy2897\\CHUYÊN_ ĐỀ_WEB\\ChuyenDeWeb2_3\\backend\\vendor\\laravel\\framework\\src\\Illuminate\\Pipeline\\Pipeline.php(219): Illuminate\\Foundation\\Http\\Middleware\\TrimStrings->handle(Object(Illuminate\\Http\\Request), Object(Closure))
#30 D:\\QuangHuy2897\\CHUYÊN_ ĐỀ_WEB\\ChuyenDeWeb2_3\\backend\\vendor\\laravel\\framework\\src\\Illuminate\\Http\\Middleware\\ValidatePostSize.php(27): Illuminate\\Pipeline\\Pipeline->Illuminate\\Pipeline\\{closure}(Object(Illuminate\\Http\\Request))
#31 D:\\QuangHuy2897\\CHUYÊN_ ĐỀ_WEB\\ChuyenDeWeb2_3\\backend\\vendor\\laravel\\framework\\src\\Illuminate\\Pipeline\\Pipeline.php(219): Illuminate\\Http\\Middleware\\ValidatePostSize->handle(Object(Illuminate\\Http\\Request), Object(Closure))
#32 D:\\QuangHuy2897\\CHUYÊN_ ĐỀ_WEB\\ChuyenDeWeb2_3\\backend\\vendor\\laravel\\framework\\src\\Illuminate\\Foundation\\Http\\Middleware\\PreventRequestsDuringMaintenance.php(109): Illuminate\\Pipeline\\Pipeline->Illuminate\\Pipeline\\{closure}(Object(Illuminate\\Http\\Request))
#33 D:\\QuangHuy2897\\CHUYÊN_ ĐỀ_WEB\\ChuyenDeWeb2_3\\backend\\vendor\\laravel\\framework\\src\\Illuminate\\Pipeline\\Pipeline.php(219): Illuminate\\Foundation\\Http\\Middleware\\PreventRequestsDuringMaintenance->handle(Object(Illuminate\\Http\\Request), Object(Closure))
#34 D:\\QuangHuy2897\\CHUYÊN_ ĐỀ_WEB\\ChuyenDeWeb2_3\\backend\\vendor\\laravel\\framework\\src\\Illuminate\\Http\\Middleware\\HandleCors.php(61): Illuminate\\Pipeline\\Pipeline->Illuminate\\Pipeline\\{closure}(Object(Illuminate\\Http\\Request))
#35 D:\\QuangHuy2897\\CHUYÊN_ ĐỀ_WEB\\ChuyenDeWeb2_3\\backend\\vendor\\laravel\\framework\\src\\Illuminate\\Pipeline\\Pipeline.php(219): Illuminate\\Http\\Middleware\\HandleCors->handle(Object(Illuminate\\Http\\Request), Object(Closure))
#36 D:\\QuangHuy2897\\CHUYÊN_ ĐỀ_WEB\\ChuyenDeWeb2_3\\backend\\vendor\\laravel\\framework\\src\\Illuminate\\Http\\Middleware\\TrustProxies.php(58): Illuminate\\Pipeline\\Pipeline->Illuminate\\Pipeline\\{closure}(Object(Illuminate\\Http\\Request))
#37 D:\\QuangHuy2897\\CHUYÊN_ ĐỀ_WEB\\ChuyenDeWeb2_3\\backend\\vendor\\laravel\\framework\\src\\Illuminate\\Pipeline\\Pipeline.php(219): Illuminate\\Http\\Middleware\\TrustProxies->handle(Object(Illuminate\\Http\\Request), Object(Closure))
#38 D:\\QuangHuy2897\\CHUYÊN_ ĐỀ_WEB\\ChuyenDeWeb2_3\\backend\\vendor\\laravel\\framework\\src\\Illuminate\\Foundation\\Http\\Middleware\\InvokeDeferredCallbacks.php(22): Illuminate\\Pipeline\\Pipeline->Illuminate\\Pipeline\\{closure}(Object(Illuminate\\Http\\Request))
#39 D:\\QuangHuy2897\\CHUYÊN_ ĐỀ_WEB\\ChuyenDeWeb2_3\\backend\\vendor\\laravel\\framework\\src\\Illuminate\\Pipeline\\Pipeline.php(219): Illuminate\\Foundation\\Http\\Middleware\\InvokeDeferredCallbacks->handle(Object(Illuminate\\Http\\Request), Object(Closure))
#40 D:\\QuangHuy2897\\CHUYÊN_ ĐỀ_WEB\\ChuyenDeWeb2_3\\backend\\vendor\\laravel\\framework\\src\\Illuminate\\Http\\Middleware\\ValidatePathEncoding.php(26): Illuminate\\Pipeline\\Pipeline->Illuminate\\Pipeline\\{closure}(Object(Illuminate\\Http\\Request))
#41 D:\\QuangHuy2897\\CHUYÊN_ ĐỀ_WEB\\ChuyenDeWeb2_3\\backend\\vendor\\laravel\\framework\\src\\Illuminate\\Pipeline\\Pipeline.php(219): Illuminate\\Http\\Middleware\\ValidatePathEncoding->handle(Object(Illuminate\\Http\\Request), Object(Closure))
#42 D:\\QuangHuy2897\\CHUYÊN_ ĐỀ_WEB\\ChuyenDeWeb2_3\\backend\\vendor\\laravel\\framework\\src\\Illuminate\\Pipeline\\Pipeline.php(137): Illuminate\\Pipeline\\Pipeline->Illuminate\\Pipeline\\{closure}(Object(Illuminate\\Http\\Request))
#43 D:\\QuangHuy2897\\CHUYÊN_ ĐỀ_WEB\\ChuyenDeWeb2_3\\backend\\vendor\\laravel\\framework\\src\\Illuminate\\Foundation\\Http\\Kernel.php(175): Illuminate\\Pipeline\\Pipeline->then(Object(Closure))
#44 D:\\QuangHuy2897\\CHUYÊN_ ĐỀ_WEB\\ChuyenDeWeb2_3\\backend\\vendor\\laravel\\framework\\src\\Illuminate\\Foundation\\Http\\Kernel.php(144): Illuminate\\Foundation\\Http\\Kernel->sendRequestThroughRouter(Object(Illuminate\\Http\\Request))
#45 D:\\QuangHuy2897\\CHUYÊN_ ĐỀ_WEB\\ChuyenDeWeb2_3\\backend\\vendor\\laravel\\framework\\src\\Illuminate\\Foundation\\Application.php(1220): Illuminate\\Foundation\\Http\\Kernel->handle(Object(Illuminate\\Http\\Request))
#46 D:\\QuangHuy2897\\CHUYÊN_ ĐỀ_WEB\\ChuyenDeWeb2_3\\backend\\public\\index.php(20): Illuminate\\Foundation\\Application->handleRequest(Object(Illuminate\\Http\\Request))
#47 D:\\QuangHuy2897\\CHUYÊN_ ĐỀ_WEB\\ChuyenDeWeb2_3\\backend\\vendor\\laravel\\framework\\src\\Illuminate\\Foundation\\resources\\server.php(23): require_once('D:\\\\QuangHuy2897...')
#48 {main}
"} 
[2025-10-31 13:15:48] local.ERROR: SQLSTATE[01000]: Warning: 1265 Data truncated for column 'status' at row 1 (Connection: mysql, SQL: update `users` set `status` = Hoạt động, `users`.`updated_at` = 2025-10-31 13:15:48 where `user_id` = 9) {"exception":"[object] (Illuminate\\Database\\QueryException(code: 01000): SQLSTATE[01000]: Warning: 1265 Data truncated for column 'status' at row 1 (Connection: mysql, SQL: update `users` set `status` = Hoạt động, `users`.`updated_at` = 2025-10-31 13:15:48 where `user_id` = 9) at D:\\QuangHuy2897\\CHUYÊN_ ĐỀ_WEB\\ChuyenDeWeb2_3\\backend\\vendor\\laravel\\framework\\src\\Illuminate\\Database\\Connection.php:824)
[stacktrace]
#0 D:\\QuangHuy2897\\CHUYÊN_ ĐỀ_WEB\\ChuyenDeWeb2_3\\backend\\vendor\\laravel\\framework\\src\\Illuminate\\Database\\Connection.php(778): Illuminate\\Database\\Connection->runQueryCallback('update `users` ...', Array, Object(Closure))
#1 D:\\QuangHuy2897\\CHUYÊN_ ĐỀ_WEB\\ChuyenDeWeb2_3\\backend\\vendor\\laravel\\framework\\src\\Illuminate\\Database\\Connection.php(583): Illuminate\\Database\\Connection->run('update `users` ...', Array, Object(Closure))
#2 D:\\QuangHuy2897\\CHUYÊN_ ĐỀ_WEB\\ChuyenDeWeb2_3\\backend\\vendor\\laravel\\framework\\src\\Illuminate\\Database\\Connection.php(535): Illuminate\\Database\\Connection->affectingStatement('update `users` ...', Array)
#3 D:\\QuangHuy2897\\CHUYÊN_ ĐỀ_WEB\\ChuyenDeWeb2_3\\backend\\vendor\\laravel\\framework\\src\\Illuminate\\Database\\Query\\Builder.php(3917): Illuminate\\Database\\Connection->update('update `users` ...', Array)
#4 D:\\QuangHuy2897\\CHUYÊN_ ĐỀ_WEB\\ChuyenDeWeb2_3\\backend\\vendor\\laravel\\framework\\src\\Illuminate\\Database\\Eloquent\\Builder.php(1266): Illuminate\\Database\\Query\\Builder->update(Object(Illuminate\\Support\\Collection))
#5 D:\\QuangHuy2897\\CHUYÊN_ ĐỀ_WEB\\ChuyenDeWeb2_3\\backend\\vendor\\laravel\\framework\\src\\Illuminate\\Database\\Eloquent\\Model.php(1316): Illuminate\\Database\\Eloquent\\Builder->update(Array)
#6 D:\\QuangHuy2897\\CHUYÊN_ ĐỀ_WEB\\ChuyenDeWeb2_3\\backend\\vendor\\laravel\\framework\\src\\Illuminate\\Database\\Eloquent\\Model.php(1233): Illuminate\\Database\\Eloquent\\Model->performUpdate(Object(Illuminate\\Database\\Eloquent\\Builder))
#7 D:\\QuangHuy2897\\CHUYÊN_ ĐỀ_WEB\\ChuyenDeWeb2_3\\backend\\app\\Http\\Controllers\\AuthController.php(55): Illuminate\\Database\\Eloquent\\Model->save()
#8 D:\\QuangHuy2897\\CHUYÊN_ ĐỀ_WEB\\ChuyenDeWeb2_3\\backend\\vendor\\laravel\\framework\\src\\Illuminate\\Routing\\ControllerDispatcher.php(46): App\\Http\\Controllers\\AuthController->login(Object(Illuminate\\Http\\Request))
#9 D:\\QuangHuy2897\\CHUYÊN_ ĐỀ_WEB\\ChuyenDeWeb2_3\\backend\\vendor\\laravel\\framework\\src\\Illuminate\\Routing\\Route.php(265): Illuminate\\Routing\\ControllerDispatcher->dispatch(Object(Illuminate\\Routing\\Route), Object(App\\Http\\Controllers\\AuthController), 'login')
#10 D:\\QuangHuy2897\\CHUYÊN_ ĐỀ_WEB\\ChuyenDeWeb2_3\\backend\\vendor\\laravel\\framework\\src\\Illuminate\\Routing\\Route.php(211): Illuminate\\Routing\\Route->runController()
#11 D:\\QuangHuy2897\\CHUYÊN_ ĐỀ_WEB\\ChuyenDeWeb2_3\\backend\\vendor\\laravel\\framework\\src\\Illuminate\\Routing\\Router.php(822): Illuminate\\Routing\\Route->run()
#12 D:\\QuangHuy2897\\CHUYÊN_ ĐỀ_WEB\\ChuyenDeWeb2_3\\backend\\vendor\\laravel\\framework\\src\\Illuminate\\Pipeline\\Pipeline.php(180): Illuminate\\Routing\\Router->Illuminate\\Routing\\{closure}(Object(Illuminate\\Http\\Request))
#13 D:\\QuangHuy2897\\CHUYÊN_ ĐỀ_WEB\\ChuyenDeWeb2_3\\backend\\vendor\\laravel\\framework\\src\\Illuminate\\Routing\\Middleware\\SubstituteBindings.php(50): Illuminate\\Pipeline\\Pipeline->Illuminate\\Pipeline\\{closure}(Object(Illuminate\\Http\\Request))
#14 D:\\QuangHuy2897\\CHUYÊN_ ĐỀ_WEB\\ChuyenDeWeb2_3\\backend\\vendor\\laravel\\framework\\src\\Illuminate\\Pipeline\\Pipeline.php(219): Illuminate\\Routing\\Middleware\\SubstituteBindings->handle(Object(Illuminate\\Http\\Request), Object(Closure))
#15 D:\\QuangHuy2897\\CHUYÊN_ ĐỀ_WEB\\ChuyenDeWeb2_3\\backend\\vendor\\laravel\\framework\\src\\Illuminate\\Pipeline\\Pipeline.php(137): Illuminate\\Pipeline\\Pipeline->Illuminate\\Pipeline\\{closure}(Object(Illuminate\\Http\\Request))
#16 D:\\QuangHuy2897\\CHUYÊN_ ĐỀ_WEB\\ChuyenDeWeb2_3\\backend\\vendor\\laravel\\framework\\src\\Illuminate\\Routing\\Router.php(821): Illuminate\\Pipeline\\Pipeline->then(Object(Closure))
#17 D:\\QuangHuy2897\\CHUYÊN_ ĐỀ_WEB\\ChuyenDeWeb2_3\\backend\\vendor\\laravel\\framework\\src\\Illuminate\\Routing\\Router.php(800): Illuminate\\Routing\\Router->runRouteWithinStack(Object(Illuminate\\Routing\\Route), Object(Illuminate\\Http\\Request))
#18 D:\\QuangHuy2897\\CHUYÊN_ ĐỀ_WEB\\ChuyenDeWeb2_3\\backend\\vendor\\laravel\\framework\\src\\Illuminate\\Routing\\Router.php(764): Illuminate\\Routing\\Router->runRoute(Object(Illuminate\\Http\\Request), Object(Illuminate\\Routing\\Route))
#19 D:\\QuangHuy2897\\CHUYÊN_ ĐỀ_WEB\\ChuyenDeWeb2_3\\backend\\vendor\\laravel\\framework\\src\\Illuminate\\Routing\\Router.php(753): Illuminate\\Routing\\Router->dispatchToRoute(Object(Illuminate\\Http\\Request))
#20 D:\\QuangHuy2897\\CHUYÊN_ ĐỀ_WEB\\ChuyenDeWeb2_3\\backend\\vendor\\laravel\\framework\\src\\Illuminate\\Foundation\\Http\\Kernel.php(200): Illuminate\\Routing\\Router->dispatch(Object(Illuminate\\Http\\Request))
#21 D:\\QuangHuy2897\\CHUYÊN_ ĐỀ_WEB\\ChuyenDeWeb2_3\\backend\\vendor\\laravel\\framework\\src\\Illuminate\\Pipeline\\Pipeline.php(180): Illuminate\\Foundation\\Http\\Kernel->Illuminate\\Foundation\\Http\\{closure}(Object(Illuminate\\Http\\Request))
#22 D:\\QuangHuy2897\\CHUYÊN_ ĐỀ_WEB\\ChuyenDeWeb2_3\\backend\\vendor\\laravel\\framework\\src\\Illuminate\\Foundation\\Http\\Middleware\\TransformsRequest.php(21): Illuminate\\Pipeline\\Pipeline->Illuminate\\Pipeline\\{closure}(Object(Illuminate\\Http\\Request))
#23 D:\\QuangHuy2897\\CHUYÊN_ ĐỀ_WEB\\ChuyenDeWeb2_3\\backend\\vendor\\laravel\\framework\\src\\Illuminate\\Foundation\\Http\\Middleware\\ConvertEmptyStringsToNull.php(31): Illuminate\\Foundation\\Http\\Middleware\\TransformsRequest->handle(Object(Illuminate\\Http\\Request), Object(Closure))
#24 D:\\QuangHuy2897\\CHUYÊN_ ĐỀ_WEB\\ChuyenDeWeb2_3\\backend\\vendor\\laravel\\framework\\src\\Illuminate\\Pipeline\\Pipeline.php(219): Illuminate\\Foundation\\Http\\Middleware\\ConvertEmptyStringsToNull->handle(Object(Illuminate\\Http\\Request), Object(Closure))
#25 D:\\QuangHuy2897\\CHUYÊN_ ĐỀ_WEB\\ChuyenDeWeb2_3\\backend\\vendor\\laravel\\framework\\src\\Illuminate\\Foundation\\Http\\Middleware\\TransformsRequest.php(21): Illuminate\\Pipeline\\Pipeline->Illuminate\\Pipeline\\{closure}(Object(Illuminate\\Http\\Request))
#26 D:\\QuangHuy2897\\CHUYÊN_ ĐỀ_WEB\\ChuyenDeWeb2_3\\backend\\vendor\\laravel\\framework\\src\\Illuminate\\Foundation\\Http\\Middleware\\TrimStrings.php(51): Illuminate\\Foundation\\Http\\Middleware\\TransformsRequest->handle(Object(Illuminate\\Http\\Request), Object(Closure))
#27 D:\\QuangHuy2897\\CHUYÊN_ ĐỀ_WEB\\ChuyenDeWeb2_3\\backend\\vendor\\laravel\\framework\\src\\Illuminate\\Pipeline\\Pipeline.php(219): Illuminate\\Foundation\\Http\\Middleware\\TrimStrings->handle(Object(Illuminate\\Http\\Request), Object(Closure))
#28 D:\\QuangHuy2897\\CHUYÊN_ ĐỀ_WEB\\ChuyenDeWeb2_3\\backend\\vendor\\laravel\\framework\\src\\Illuminate\\Http\\Middleware\\ValidatePostSize.php(27): Illuminate\\Pipeline\\Pipeline->Illuminate\\Pipeline\\{closure}(Object(Illuminate\\Http\\Request))
#29 D:\\QuangHuy2897\\CHUYÊN_ ĐỀ_WEB\\ChuyenDeWeb2_3\\backend\\vendor\\laravel\\framework\\src\\Illuminate\\Pipeline\\Pipeline.php(219): Illuminate\\Http\\Middleware\\ValidatePostSize->handle(Object(Illuminate\\Http\\Request), Object(Closure))
#30 D:\\QuangHuy2897\\CHUYÊN_ ĐỀ_WEB\\ChuyenDeWeb2_3\\backend\\vendor\\laravel\\framework\\src\\Illuminate\\Foundation\\Http\\Middleware\\PreventRequestsDuringMaintenance.php(109): Illuminate\\Pipeline\\Pipeline->Illuminate\\Pipeline\\{closure}(Object(Illuminate\\Http\\Request))
#31 D:\\QuangHuy2897\\CHUYÊN_ ĐỀ_WEB\\ChuyenDeWeb2_3\\backend\\vendor\\laravel\\framework\\src\\Illuminate\\Pipeline\\Pipeline.php(219): Illuminate\\Foundation\\Http\\Middleware\\PreventRequestsDuringMaintenance->handle(Object(Illuminate\\Http\\Request), Object(Closure))
#32 D:\\QuangHuy2897\\CHUYÊN_ ĐỀ_WEB\\ChuyenDeWeb2_3\\backend\\vendor\\laravel\\framework\\src\\Illuminate\\Http\\Middleware\\HandleCors.php(61): Illuminate\\Pipeline\\Pipeline->Illuminate\\Pipeline\\{closure}(Object(Illuminate\\Http\\Request))
#33 D:\\QuangHuy2897\\CHUYÊN_ ĐỀ_WEB\\ChuyenDeWeb2_3\\backend\\vendor\\laravel\\framework\\src\\Illuminate\\Pipeline\\Pipeline.php(219): Illuminate\\Http\\Middleware\\HandleCors->handle(Object(Illuminate\\Http\\Request), Object(Closure))
#34 D:\\QuangHuy2897\\CHUYÊN_ ĐỀ_WEB\\ChuyenDeWeb2_3\\backend\\vendor\\laravel\\framework\\src\\Illuminate\\Http\\Middleware\\TrustProxies.php(58): Illuminate\\Pipeline\\Pipeline->Illuminate\\Pipeline\\{closure}(Object(Illuminate\\Http\\Request))
#35 D:\\QuangHuy2897\\CHUYÊN_ ĐỀ_WEB\\ChuyenDeWeb2_3\\backend\\vendor\\laravel\\framework\\src\\Illuminate\\Pipeline\\Pipeline.php(219): Illuminate\\Http\\Middleware\\TrustProxies->handle(Object(Illuminate\\Http\\Request), Object(Closure))
#36 D:\\QuangHuy2897\\CHUYÊN_ ĐỀ_WEB\\ChuyenDeWeb2_3\\backend\\vendor\\laravel\\framework\\src\\Illuminate\\Foundation\\Http\\Middleware\\InvokeDeferredCallbacks.php(22): Illuminate\\Pipeline\\Pipeline->Illuminate\\Pipeline\\{closure}(Object(Illuminate\\Http\\Request))
#37 D:\\QuangHuy2897\\CHUYÊN_ ĐỀ_WEB\\ChuyenDeWeb2_3\\backend\\vendor\\laravel\\framework\\src\\Illuminate\\Pipeline\\Pipeline.php(219): Illuminate\\Foundation\\Http\\Middleware\\InvokeDeferredCallbacks->handle(Object(Illuminate\\Http\\Request), Object(Closure))
#38 D:\\QuangHuy2897\\CHUYÊN_ ĐỀ_WEB\\ChuyenDeWeb2_3\\backend\\vendor\\laravel\\framework\\src\\Illuminate\\Http\\Middleware\\ValidatePathEncoding.php(26): Illuminate\\Pipeline\\Pipeline->Illuminate\\Pipeline\\{closure}(Object(Illuminate\\Http\\Request))
#39 D:\\QuangHuy2897\\CHUYÊN_ ĐỀ_WEB\\ChuyenDeWeb2_3\\backend\\vendor\\laravel\\framework\\src\\Illuminate\\Pipeline\\Pipeline.php(219): Illuminate\\Http\\Middleware\\ValidatePathEncoding->handle(Object(Illuminate\\Http\\Request), Object(Closure))
#40 D:\\QuangHuy2897\\CHUYÊN_ ĐỀ_WEB\\ChuyenDeWeb2_3\\backend\\vendor\\laravel\\framework\\src\\Illuminate\\Pipeline\\Pipeline.php(137): Illuminate\\Pipeline\\Pipeline->Illuminate\\Pipeline\\{closure}(Object(Illuminate\\Http\\Request))
#41 D:\\QuangHuy2897\\CHUYÊN_ ĐỀ_WEB\\ChuyenDeWeb2_3\\backend\\vendor\\laravel\\framework\\src\\Illuminate\\Foundation\\Http\\Kernel.php(175): Illuminate\\Pipeline\\Pipeline->then(Object(Closure))
#42 D:\\QuangHuy2897\\CHUYÊN_ ĐỀ_WEB\\ChuyenDeWeb2_3\\backend\\vendor\\laravel\\framework\\src\\Illuminate\\Foundation\\Http\\Kernel.php(144): Illuminate\\Foundation\\Http\\Kernel->sendRequestThroughRouter(Object(Illuminate\\Http\\Request))
#43 D:\\QuangHuy2897\\CHUYÊN_ ĐỀ_WEB\\ChuyenDeWeb2_3\\backend\\vendor\\laravel\\framework\\src\\Illuminate\\Foundation\\Application.php(1220): Illuminate\\Foundation\\Http\\Kernel->handle(Object(Illuminate\\Http\\Request))
#44 D:\\QuangHuy2897\\CHUYÊN_ ĐỀ_WEB\\ChuyenDeWeb2_3\\backend\\public\\index.php(20): Illuminate\\Foundation\\Application->handleRequest(Object(Illuminate\\Http\\Request))
#45 D:\\QuangHuy2897\\CHUYÊN_ ĐỀ_WEB\\ChuyenDeWeb2_3\\backend\\vendor\\laravel\\framework\\src\\Illuminate\\Foundation\\resources\\server.php(23): require_once('D:\\\\QuangHuy2897...')
#46 {main}

[previous exception] [object] (PDOException(code: 01000): SQLSTATE[01000]: Warning: 1265 Data truncated for column 'status' at row 1 at D:\\QuangHuy2897\\CHUYÊN_ ĐỀ_WEB\\ChuyenDeWeb2_3\\backend\\vendor\\laravel\\framework\\src\\Illuminate\\Database\\Connection.php:595)
[stacktrace]
#0 D:\\QuangHuy2897\\CHUYÊN_ ĐỀ_WEB\\ChuyenDeWeb2_3\\backend\\vendor\\laravel\\framework\\src\\Illuminate\\Database\\Connection.php(595): PDOStatement->execute()
#1 D:\\QuangHuy2897\\CHUYÊN_ ĐỀ_WEB\\ChuyenDeWeb2_3\\backend\\vendor\\laravel\\framework\\src\\Illuminate\\Database\\Connection.php(811): Illuminate\\Database\\Connection->Illuminate\\Database\\{closure}('update `users` ...', Array)
#2 D:\\QuangHuy2897\\CHUYÊN_ ĐỀ_WEB\\ChuyenDeWeb2_3\\backend\\vendor\\laravel\\framework\\src\\Illuminate\\Database\\Connection.php(778): Illuminate\\Database\\Connection->runQueryCallback('update `users` ...', Array, Object(Closure))
#3 D:\\QuangHuy2897\\CHUYÊN_ ĐỀ_WEB\\ChuyenDeWeb2_3\\backend\\vendor\\laravel\\framework\\src\\Illuminate\\Database\\Connection.php(583): Illuminate\\Database\\Connection->run('update `users` ...', Array, Object(Closure))
#4 D:\\QuangHuy2897\\CHUYÊN_ ĐỀ_WEB\\ChuyenDeWeb2_3\\backend\\vendor\\laravel\\framework\\src\\Illuminate\\Database\\Connection.php(535): Illuminate\\Database\\Connection->affectingStatement('update `users` ...', Array)
#5 D:\\QuangHuy2897\\CHUYÊN_ ĐỀ_WEB\\ChuyenDeWeb2_3\\backend\\vendor\\laravel\\framework\\src\\Illuminate\\Database\\Query\\Builder.php(3917): Illuminate\\Database\\Connection->update('update `users` ...', Array)
#6 D:\\QuangHuy2897\\CHUYÊN_ ĐỀ_WEB\\ChuyenDeWeb2_3\\backend\\vendor\\laravel\\framework\\src\\Illuminate\\Database\\Eloquent\\Builder.php(1266): Illuminate\\Database\\Query\\Builder->update(Object(Illuminate\\Support\\Collection))
#7 D:\\QuangHuy2897\\CHUYÊN_ ĐỀ_WEB\\ChuyenDeWeb2_3\\backend\\vendor\\laravel\\framework\\src\\Illuminate\\Database\\Eloquent\\Model.php(1316): Illuminate\\Database\\Eloquent\\Builder->update(Array)
#8 D:\\QuangHuy2897\\CHUYÊN_ ĐỀ_WEB\\ChuyenDeWeb2_3\\backend\\vendor\\laravel\\framework\\src\\Illuminate\\Database\\Eloquent\\Model.php(1233): Illuminate\\Database\\Eloquent\\Model->performUpdate(Object(Illuminate\\Database\\Eloquent\\Builder))
#9 D:\\QuangHuy2897\\CHUYÊN_ ĐỀ_WEB\\ChuyenDeWeb2_3\\backend\\app\\Http\\Controllers\\AuthController.php(55): Illuminate\\Database\\Eloquent\\Model->save()
#10 D:\\QuangHuy2897\\CHUYÊN_ ĐỀ_WEB\\ChuyenDeWeb2_3\\backend\\vendor\\laravel\\framework\\src\\Illuminate\\Routing\\ControllerDispatcher.php(46): App\\Http\\Controllers\\AuthController->login(Object(Illuminate\\Http\\Request))
#11 D:\\QuangHuy2897\\CHUYÊN_ ĐỀ_WEB\\ChuyenDeWeb2_3\\backend\\vendor\\laravel\\framework\\src\\Illuminate\\Routing\\Route.php(265): Illuminate\\Routing\\ControllerDispatcher->dispatch(Object(Illuminate\\Routing\\Route), Object(App\\Http\\Controllers\\AuthController), 'login')
#12 D:\\QuangHuy2897\\CHUYÊN_ ĐỀ_WEB\\ChuyenDeWeb2_3\\backend\\vendor\\laravel\\framework\\src\\Illuminate\\Routing\\Route.php(211): Illuminate\\Routing\\Route->runController()
#13 D:\\QuangHuy2897\\CHUYÊN_ ĐỀ_WEB\\ChuyenDeWeb2_3\\backend\\vendor\\laravel\\framework\\src\\Illuminate\\Routing\\Router.php(822): Illuminate\\Routing\\Route->run()
#14 D:\\QuangHuy2897\\CHUYÊN_ ĐỀ_WEB\\ChuyenDeWeb2_3\\backend\\vendor\\laravel\\framework\\src\\Illuminate\\Pipeline\\Pipeline.php(180): Illuminate\\Routing\\Router->Illuminate\\Routing\\{closure}(Object(Illuminate\\Http\\Request))
#15 D:\\QuangHuy2897\\CHUYÊN_ ĐỀ_WEB\\ChuyenDeWeb2_3\\backend\\vendor\\laravel\\framework\\src\\Illuminate\\Routing\\Middleware\\SubstituteBindings.php(50): Illuminate\\Pipeline\\Pipeline->Illuminate\\Pipeline\\{closure}(Object(Illuminate\\Http\\Request))
#16 D:\\QuangHuy2897\\CHUYÊN_ ĐỀ_WEB\\ChuyenDeWeb2_3\\backend\\vendor\\laravel\\framework\\src\\Illuminate\\Pipeline\\Pipeline.php(219): Illuminate\\Routing\\Middleware\\SubstituteBindings->handle(Object(Illuminate\\Http\\Request), Object(Closure))
#17 D:\\QuangHuy2897\\CHUYÊN_ ĐỀ_WEB\\ChuyenDeWeb2_3\\backend\\vendor\\laravel\\framework\\src\\Illuminate\\Pipeline\\Pipeline.php(137): Illuminate\\Pipeline\\Pipeline->Illuminate\\Pipeline\\{closure}(Object(Illuminate\\Http\\Request))
#18 D:\\QuangHuy2897\\CHUYÊN_ ĐỀ_WEB\\ChuyenDeWeb2_3\\backend\\vendor\\laravel\\framework\\src\\Illuminate\\Routing\\Router.php(821): Illuminate\\Pipeline\\Pipeline->then(Object(Closure))
#19 D:\\QuangHuy2897\\CHUYÊN_ ĐỀ_WEB\\ChuyenDeWeb2_3\\backend\\vendor\\laravel\\framework\\src\\Illuminate\\Routing\\Router.php(800): Illuminate\\Routing\\Router->runRouteWithinStack(Object(Illuminate\\Routing\\Route), Object(Illuminate\\Http\\Request))
#20 D:\\QuangHuy2897\\CHUYÊN_ ĐỀ_WEB\\ChuyenDeWeb2_3\\backend\\vendor\\laravel\\framework\\src\\Illuminate\\Routing\\Router.php(764): Illuminate\\Routing\\Router->runRoute(Object(Illuminate\\Http\\Request), Object(Illuminate\\Routing\\Route))
#21 D:\\QuangHuy2897\\CHUYÊN_ ĐỀ_WEB\\ChuyenDeWeb2_3\\backend\\vendor\\laravel\\framework\\src\\Illuminate\\Routing\\Router.php(753): Illuminate\\Routing\\Router->dispatchToRoute(Object(Illuminate\\Http\\Request))
#22 D:\\QuangHuy2897\\CHUYÊN_ ĐỀ_WEB\\ChuyenDeWeb2_3\\backend\\vendor\\laravel\\framework\\src\\Illuminate\\Foundation\\Http\\Kernel.php(200): Illuminate\\Routing\\Router->dispatch(Object(Illuminate\\Http\\Request))
#23 D:\\QuangHuy2897\\CHUYÊN_ ĐỀ_WEB\\ChuyenDeWeb2_3\\backend\\vendor\\laravel\\framework\\src\\Illuminate\\Pipeline\\Pipeline.php(180): Illuminate\\Foundation\\Http\\Kernel->Illuminate\\Foundation\\Http\\{closure}(Object(Illuminate\\Http\\Request))
#24 D:\\QuangHuy2897\\CHUYÊN_ ĐỀ_WEB\\ChuyenDeWeb2_3\\backend\\vendor\\laravel\\framework\\src\\Illuminate\\Foundation\\Http\\Middleware\\TransformsRequest.php(21): Illuminate\\Pipeline\\Pipeline->Illuminate\\Pipeline\\{closure}(Object(Illuminate\\Http\\Request))
#25 D:\\QuangHuy2897\\CHUYÊN_ ĐỀ_WEB\\ChuyenDeWeb2_3\\backend\\vendor\\laravel\\framework\\src\\Illuminate\\Foundation\\Http\\Middleware\\ConvertEmptyStringsToNull.php(31): Illuminate\\Foundation\\Http\\Middleware\\TransformsRequest->handle(Object(Illuminate\\Http\\Request), Object(Closure))
#26 D:\\QuangHuy2897\\CHUYÊN_ ĐỀ_WEB\\ChuyenDeWeb2_3\\backend\\vendor\\laravel\\framework\\src\\Illuminate\\Pipeline\\Pipeline.php(219): Illuminate\\Foundation\\Http\\Middleware\\ConvertEmptyStringsToNull->handle(Object(Illuminate\\Http\\Request), Object(Closure))
#27 D:\\QuangHuy2897\\CHUYÊN_ ĐỀ_WEB\\ChuyenDeWeb2_3\\backend\\vendor\\laravel\\framework\\src\\Illuminate\\Foundation\\Http\\Middleware\\TransformsRequest.php(21): Illuminate\\Pipeline\\Pipeline->Illuminate\\Pipeline\\{closure}(Object(Illuminate\\Http\\Request))
#28 D:\\QuangHuy2897\\CHUYÊN_ ĐỀ_WEB\\ChuyenDeWeb2_3\\backend\\vendor\\laravel\\framework\\src\\Illuminate\\Foundation\\Http\\Middleware\\TrimStrings.php(51): Illuminate\\Foundation\\Http\\Middleware\\TransformsRequest->handle(Object(Illuminate\\Http\\Request), Object(Closure))
#29 D:\\QuangHuy2897\\CHUYÊN_ ĐỀ_WEB\\ChuyenDeWeb2_3\\backend\\vendor\\laravel\\framework\\src\\Illuminate\\Pipeline\\Pipeline.php(219): Illuminate\\Foundation\\Http\\Middleware\\TrimStrings->handle(Object(Illuminate\\Http\\Request), Object(Closure))
#30 D:\\QuangHuy2897\\CHUYÊN_ ĐỀ_WEB\\ChuyenDeWeb2_3\\backend\\vendor\\laravel\\framework\\src\\Illuminate\\Http\\Middleware\\ValidatePostSize.php(27): Illuminate\\Pipeline\\Pipeline->Illuminate\\Pipeline\\{closure}(Object(Illuminate\\Http\\Request))
#31 D:\\QuangHuy2897\\CHUYÊN_ ĐỀ_WEB\\ChuyenDeWeb2_3\\backend\\vendor\\laravel\\framework\\src\\Illuminate\\Pipeline\\Pipeline.php(219): Illuminate\\Http\\Middleware\\ValidatePostSize->handle(Object(Illuminate\\Http\\Request), Object(Closure))
#32 D:\\QuangHuy2897\\CHUYÊN_ ĐỀ_WEB\\ChuyenDeWeb2_3\\backend\\vendor\\laravel\\framework\\src\\Illuminate\\Foundation\\Http\\Middleware\\PreventRequestsDuringMaintenance.php(109): Illuminate\\Pipeline\\Pipeline->Illuminate\\Pipeline\\{closure}(Object(Illuminate\\Http\\Request))
#33 D:\\QuangHuy2897\\CHUYÊN_ ĐỀ_WEB\\ChuyenDeWeb2_3\\backend\\vendor\\laravel\\framework\\src\\Illuminate\\Pipeline\\Pipeline.php(219): Illuminate\\Foundation\\Http\\Middleware\\PreventRequestsDuringMaintenance->handle(Object(Illuminate\\Http\\Request), Object(Closure))
#34 D:\\QuangHuy2897\\CHUYÊN_ ĐỀ_WEB\\ChuyenDeWeb2_3\\backend\\vendor\\laravel\\framework\\src\\Illuminate\\Http\\Middleware\\HandleCors.php(61): Illuminate\\Pipeline\\Pipeline->Illuminate\\Pipeline\\{closure}(Object(Illuminate\\Http\\Request))
#35 D:\\QuangHuy2897\\CHUYÊN_ ĐỀ_WEB\\ChuyenDeWeb2_3\\backend\\vendor\\laravel\\framework\\src\\Illuminate\\Pipeline\\Pipeline.php(219): Illuminate\\Http\\Middleware\\HandleCors->handle(Object(Illuminate\\Http\\Request), Object(Closure))
#36 D:\\QuangHuy2897\\CHUYÊN_ ĐỀ_WEB\\ChuyenDeWeb2_3\\backend\\vendor\\laravel\\framework\\src\\Illuminate\\Http\\Middleware\\TrustProxies.php(58): Illuminate\\Pipeline\\Pipeline->Illuminate\\Pipeline\\{closure}(Object(Illuminate\\Http\\Request))
#37 D:\\QuangHuy2897\\CHUYÊN_ ĐỀ_WEB\\ChuyenDeWeb2_3\\backend\\vendor\\laravel\\framework\\src\\Illuminate\\Pipeline\\Pipeline.php(219): Illuminate\\Http\\Middleware\\TrustProxies->handle(Object(Illuminate\\Http\\Request), Object(Closure))
#38 D:\\QuangHuy2897\\CHUYÊN_ ĐỀ_WEB\\ChuyenDeWeb2_3\\backend\\vendor\\laravel\\framework\\src\\Illuminate\\Foundation\\Http\\Middleware\\InvokeDeferredCallbacks.php(22): Illuminate\\Pipeline\\Pipeline->Illuminate\\Pipeline\\{closure}(Object(Illuminate\\Http\\Request))
#39 D:\\QuangHuy2897\\CHUYÊN_ ĐỀ_WEB\\ChuyenDeWeb2_3\\backend\\vendor\\laravel\\framework\\src\\Illuminate\\Pipeline\\Pipeline.php(219): Illuminate\\Foundation\\Http\\Middleware\\InvokeDeferredCallbacks->handle(Object(Illuminate\\Http\\Request), Object(Closure))
#40 D:\\QuangHuy2897\\CHUYÊN_ ĐỀ_WEB\\ChuyenDeWeb2_3\\backend\\vendor\\laravel\\framework\\src\\Illuminate\\Http\\Middleware\\ValidatePathEncoding.php(26): Illuminate\\Pipeline\\Pipeline->Illuminate\\Pipeline\\{closure}(Object(Illuminate\\Http\\Request))
#41 D:\\QuangHuy2897\\CHUYÊN_ ĐỀ_WEB\\ChuyenDeWeb2_3\\backend\\vendor\\laravel\\framework\\src\\Illuminate\\Pipeline\\Pipeline.php(219): Illuminate\\Http\\Middleware\\ValidatePathEncoding->handle(Object(Illuminate\\Http\\Request), Object(Closure))
#42 D:\\QuangHuy2897\\CHUYÊN_ ĐỀ_WEB\\ChuyenDeWeb2_3\\backend\\vendor\\laravel\\framework\\src\\Illuminate\\Pipeline\\Pipeline.php(137): Illuminate\\Pipeline\\Pipeline->Illuminate\\Pipeline\\{closure}(Object(Illuminate\\Http\\Request))
#43 D:\\QuangHuy2897\\CHUYÊN_ ĐỀ_WEB\\ChuyenDeWeb2_3\\backend\\vendor\\laravel\\framework\\src\\Illuminate\\Foundation\\Http\\Kernel.php(175): Illuminate\\Pipeline\\Pipeline->then(Object(Closure))
#44 D:\\QuangHuy2897\\CHUYÊN_ ĐỀ_WEB\\ChuyenDeWeb2_3\\backend\\vendor\\laravel\\framework\\src\\Illuminate\\Foundation\\Http\\Kernel.php(144): Illuminate\\Foundation\\Http\\Kernel->sendRequestThroughRouter(Object(Illuminate\\Http\\Request))
#45 D:\\QuangHuy2897\\CHUYÊN_ ĐỀ_WEB\\ChuyenDeWeb2_3\\backend\\vendor\\laravel\\framework\\src\\Illuminate\\Foundation\\Application.php(1220): Illuminate\\Foundation\\Http\\Kernel->handle(Object(Illuminate\\Http\\Request))
#46 D:\\QuangHuy2897\\CHUYÊN_ ĐỀ_WEB\\ChuyenDeWeb2_3\\backend\\public\\index.php(20): Illuminate\\Foundation\\Application->handleRequest(Object(Illuminate\\Http\\Request))
#47 D:\\QuangHuy2897\\CHUYÊN_ ĐỀ_WEB\\ChuyenDeWeb2_3\\backend\\vendor\\laravel\\framework\\src\\Illuminate\\Foundation\\resources\\server.php(23): require_once('D:\\\\QuangHuy2897...')
#48 {main}
"} 
